[2026-06-21 00:50:43] === loop_round bắt đầu (pid 2751291) ===
[2026-06-21 00:50:43] [1/3] split (test đóng băng)
    [test ĐÓNG BĂNG] 12 ảnh test cố định; train nhận nhãn mới.
    Tổng dùng: 1020 ảnh / 479 bệnh nhân
    TRAIN: 1008 ảnh / 469 bệnh nhân
    TEST : 12 ảnh / 10 bệnh nhân
    Không rò rỉ bệnh nhân ✔
    -> labels/split.json , labels/split.csv
[2026-06-21 00:50:43] [2/3] fine-tune + eval (test cố định)
    Train 1008 ảnh | Test 12 ảnh
    Nạp SAM2.1@1024 trên cuda ...
    Số tham số train: 4.22M
    Trích đặc trưng encoder cho train (1 lần, workers=16)...
    Mẫu train (cụm u): 1813
    Nhóm kích thước: [((1824, 2736), 1781), ((2736, 1824), 32)] | batch=32
    [epoch 0] zero-shot test Dice = 0.9580
    [epoch 1] train_loss=0.1120
    [epoch 2] train_loss=0.1013
    [epoch 3] train_loss=0.0968
    [epoch 4] train_loss=0.0920
    [epoch 5] train_loss=0.0933 | test Dice=0.9570
    [epoch 6] train_loss=0.0888
    [epoch 7] train_loss=0.0875
    [epoch 8] train_loss=0.0866
    [epoch 9] train_loss=0.0824
    [epoch 10] train_loss=0.0820 | test Dice=0.9524
    [epoch 11] train_loss=0.0802
    [epoch 12] train_loss=0.0788
    [epoch 13] train_loss=0.0788
    [epoch 14] train_loss=0.0772
    [epoch 15] train_loss=0.0760 | test Dice=0.9490
    [epoch 16] train_loss=0.0769
    [epoch 17] train_loss=0.0731
    [epoch 18] train_loss=0.0732
    [epoch 19] train_loss=0.0719
    [epoch 20] train_loss=0.0705 | test Dice=0.9481
    [epoch 21] train_loss=0.0702
    [epoch 22] train_loss=0.0703
    [epoch 23] train_loss=0.0682
    [epoch 24] train_loss=0.0688
    [epoch 25] train_loss=0.0668 | test Dice=0.9579
    [epoch 26] train_loss=0.0657
    [epoch 27] train_loss=0.0652
    [epoch 28] train_loss=0.0650
    [epoch 29] train_loss=0.0645
    [epoch 30] train_loss=0.0646 | test Dice=0.9464
    [epoch 31] train_loss=0.0643
    [epoch 32] train_loss=0.0629
    [epoch 33] train_loss=0.0620
    [epoch 34] train_loss=0.0600
    [epoch 35] train_loss=0.0622 | test Dice=0.9470
    [epoch 36] train_loss=0.0594
    [epoch 37] train_loss=0.0597
    [epoch 38] train_loss=0.0602
    [epoch 39] train_loss=0.0577
    [epoch 40] train_loss=0.0576 | test Dice=0.9436
    [epoch 41] train_loss=0.0577
    [epoch 42] train_loss=0.0572
    [epoch 43] train_loss=0.0563
    [epoch 44] train_loss=0.0570
    [epoch 45] train_loss=0.0549 | test Dice=0.9436
    [epoch 46] train_loss=0.0537
    [epoch 47] train_loss=0.0517
    [epoch 48] train_loss=0.0529
    [epoch 49] train_loss=0.0528
    [epoch 50] train_loss=0.0527 | test Dice=0.9438
    [epoch 51] train_loss=0.0515
    [epoch 52] train_loss=0.0521
    [epoch 53] train_loss=0.0510
    [epoch 54] train_loss=0.0495
    [epoch 55] train_loss=0.0504 | test Dice=0.9343
    [epoch 56] train_loss=0.0488
    [epoch 57] train_loss=0.0480
    [epoch 58] train_loss=0.0481
    [epoch 59] train_loss=0.0467
    [epoch 60] train_loss=0.0484 | test Dice=0.9369
    
    Xong. zero-shot Dice=0.9580 -> BEST fine-tuned Dice=0.9580
    Checkpoint: /home/hvusynh2/nguyenduong/MedSAM2 a/MedSAM2/checkpoints/sam2.1_rcc_ft.pt | log: /home/hvusynh2/nguyenduong/MedSAM2 a/MedSAM2/results/finetune_log.csv | results/finetune_last.json
[2026-06-21 02:50:04] [3/3] cập nhật đường cong
    Đường cong (3 mốc):
      N_train=  47  zero-shot=0.958  fine-tuned=0.958
      N_train= 170  zero-shot=0.958  fine-tuned=0.958
      N_train=1008  zero-shot=0.958  fine-tuned=0.958
    -> results/loop_curve.csv , results/loop_curve.png
[2026-06-21 02:50:06] === VÒNG HOÀN TẤT. Xem results/loop_curve.png ===
