[2026-06-19 13:17:43] === loop_round bắt đầu (pid 2207348) ===
[2026-06-19 13:17:43] [1/3] split (test đóng băng)
    [test ĐÓNG BĂNG] 12 ảnh test cố định; train nhận nhãn mới.
    Tổng dùng: 182 ảnh / 117 bệnh nhân
    TRAIN: 170 ảnh / 107 bệnh nhân
    TEST : 12 ảnh / 10 bệnh nhân
    Không rò rỉ bệnh nhân ✔
    -> labels/split.json , labels/split.csv
[2026-06-19 13:17:43] [2/3] fine-tune + eval (test cố định)
    Train 170 ảnh | Test 12 ảnh
    Nạp SAM2.1@1024 trên cuda ...
    Số tham số train: 4.22M
    Trích đặc trưng encoder cho train (1 lần, workers=16)...
    Mẫu train (cụm u): 246
    Nhóm kích thước: [((1824, 2736), 245), ((2736, 1824), 1)] | batch=32
    [epoch 0] zero-shot test Dice = 0.9580
    [epoch 1] train_loss=0.1412
    [epoch 2] train_loss=0.1305
    [epoch 3] train_loss=0.1112
    [epoch 4] train_loss=0.1125
    [epoch 5] train_loss=0.1065 | test Dice=0.9523
    [epoch 6] train_loss=0.0977
    [epoch 7] train_loss=0.0926
    [epoch 8] train_loss=0.0869
    [epoch 9] train_loss=0.0827
    [epoch 10] train_loss=0.0841 | test Dice=0.9472
    [epoch 11] train_loss=0.0937
    [epoch 12] train_loss=0.0857
    [epoch 13] train_loss=0.0940
    [epoch 14] train_loss=0.0816
    [epoch 15] train_loss=0.0820 | test Dice=0.9457
    [epoch 16] train_loss=0.0746
    [epoch 17] train_loss=0.0698
    [epoch 18] train_loss=0.0750
    [epoch 19] train_loss=0.0700
    [epoch 20] train_loss=0.0662 | test Dice=0.9445
    [epoch 21] train_loss=0.0662
    [epoch 22] train_loss=0.0667
    [epoch 23] train_loss=0.0638
    [epoch 24] train_loss=0.0618
    [epoch 25] train_loss=0.0630 | test Dice=0.9503
    [epoch 26] train_loss=0.0611
    [epoch 27] train_loss=0.0618
    [epoch 28] train_loss=0.0651
    [epoch 29] train_loss=0.0624
    [epoch 30] train_loss=0.0597 | test Dice=0.9469
    [epoch 31] train_loss=0.0590
    [epoch 32] train_loss=0.0575
    [epoch 33] train_loss=0.0557
    [epoch 34] train_loss=0.0547
    [epoch 35] train_loss=0.0538 | test Dice=0.9461
    [epoch 36] train_loss=0.0531
    [epoch 37] train_loss=0.0554
    [epoch 38] train_loss=0.0569
    [epoch 39] train_loss=0.0552
    [epoch 40] train_loss=0.0517 | test Dice=0.9443
    [epoch 41] train_loss=0.0506
    [epoch 42] train_loss=0.0496
    [epoch 43] train_loss=0.0524
    [epoch 44] train_loss=0.0487
    [epoch 45] train_loss=0.0487 | test Dice=0.9499
    [epoch 46] train_loss=0.0471
    [epoch 47] train_loss=0.0477
    [epoch 48] train_loss=0.0462
    [epoch 49] train_loss=0.0471
    [epoch 50] train_loss=0.0489 | test Dice=0.9421
    [epoch 51] train_loss=0.0456
    [epoch 52] train_loss=0.0460
    [epoch 53] train_loss=0.0451
    [epoch 54] train_loss=0.0428
    [epoch 55] train_loss=0.0441 | test Dice=0.9454
    [epoch 56] train_loss=0.0437
    [epoch 57] train_loss=0.0414
    [epoch 58] train_loss=0.0434
    [epoch 59] train_loss=0.0403
    [epoch 60] train_loss=0.0405 | test Dice=0.9424
    
    Xong. zero-shot Dice=0.9580 -> BEST fine-tuned Dice=0.9580
    Checkpoint: /home/hvusynh2/nguyenduong/MedSAM2 a/MedSAM2/checkpoints/sam2.1_rcc_ft.pt | log: /home/hvusynh2/nguyenduong/MedSAM2 a/MedSAM2/results/finetune_log.csv | results/finetune_last.json
[2026-06-19 13:48:56] [3/3] cập nhật đường cong
    Đường cong (2 mốc):
      N_train=  47  zero-shot=0.958  fine-tuned=0.958
      N_train= 170  zero-shot=0.958  fine-tuned=0.958
    -> results/loop_curve.csv , results/loop_curve.png
[2026-06-19 13:48:57] === VÒNG HOÀN TẤT. Xem results/loop_curve.png ===
