Batch: 550 ảnh từ eval_boxes_550.csv
[ok] SS21-40580^2021_06_30_14_25_46^^.jpg | 1 box | u=13702px (0.3% ảnh) -> eval_masks_550/SS21-40580^2021_06_30_14_25_46^^.png
[ok] SS21-40589^2021_07_01_08_35_56^^.jpg | 1 box | u=149906px (3.0% ảnh) -> eval_masks_550/SS21-40589^2021_07_01_08_35_56^^.png
[ok] SS21-42051^2021_07_07_08_33_55^^.jpg | 1 box | u=170841px (3.4% ảnh) -> eval_masks_550/SS21-42051^2021_07_07_08_33_55^^.png
[ok] SS21-42371^2021_07_07_16_11_23^^.jpg | 1 box | u=88882px (1.8% ảnh) -> eval_masks_550/SS21-42371^2021_07_07_16_11_23^^.png
[ok] SS21-42510^2021_07_09_10_15_06^^.jpg | 1 box | u=22990px (0.5% ảnh) -> eval_masks_550/SS21-42510^2021_07_09_10_15_06^^.png
[ok] SS21-42835^2021_07_09_08_52_52^^.jpg | 1 box | u=33141px (0.7% ảnh) -> eval_masks_550/SS21-42835^2021_07_09_08_52_52^^.png
[ok] SS21-42835^2021_07_12_07_49_31^^.jpg | 1 box | u=92014px (1.8% ảnh) -> eval_masks_550/SS21-42835^2021_07_12_07_49_31^^.png
[ok] SS21-43481^2021_07_14_07_52_16^^.jpg | 1 box | u=56841px (1.1% ảnh) -> eval_masks_550/SS21-43481^2021_07_14_07_52_16^^.png
[ok] SS21-43484^2021_07_14_07_53_04^^.jpg | 1 box | u=169804px (3.4% ảnh) -> eval_masks_550/SS21-43484^2021_07_14_07_53_04^^.png
[ok] SS21-43484^2021_07_14_14_02_46^^.jpg | 1 box | u=118716px (2.4% ảnh) -> eval_masks_550/SS21-43484^2021_07_14_14_02_46^^.png
[ok] SS21-44234^2021_07_15_13_40_24^^.jpg | 1 box | u=548036px (11.0% ảnh) -> eval_masks_550/SS21-44234^2021_07_15_13_40_24^^.png
[ok] SS21-44745^2021_07_16_16_24_56^^.jpg | 1 box | u=274420px (5.5% ảnh) -> eval_masks_550/SS21-44745^2021_07_16_16_24_56^^.png
[ok] SS21-45063^2021_07_19_15_44_32^^.jpg | 1 box | u=179600px (3.6% ảnh) -> eval_masks_550/SS21-45063^2021_07_19_15_44_32^^.png
[ok] SS21-45226^2021_07_20_14_29_20^^.jpg | 1 box | u=106380px (2.1% ảnh) -> eval_masks_550/SS21-45226^2021_07_20_14_29_20^^.png
[ok] SS21-45755^2021_07_21_15_42_50^^.jpg | 1 box | u=334661px (6.7% ảnh) -> eval_masks_550/SS21-45755^2021_07_21_15_42_50^^.png
[ok] SS21-45763^2021_07_22_09_13_13^^.jpg | 1 box | u=444811px (8.9% ảnh) -> eval_masks_550/SS21-45763^2021_07_22_09_13_13^^.png
[ok] SS21-45774^2021_07_22_08_19_26^^.jpg | 1 box | u=9058px (0.2% ảnh) -> eval_masks_550/SS21-45774^2021_07_22_08_19_26^^.png
[ok] SS21-45774^2021_07_22_08_22_02^^.jpg | 1 box | u=8402px (0.2% ảnh) -> eval_masks_550/SS21-45774^2021_07_22_08_22_02^^.png
[ok] SS21-45922^2021_07_22_13_55_53^^.jpg | 1 box | u=908285px (18.2% ảnh) -> eval_masks_550/SS21-45922^2021_07_22_13_55_53^^.png
[ok] SS21-47168^2021_07_28_09_31_27^^.jpg | 1 box | u=280085px (5.6% ảnh) -> eval_masks_550/SS21-47168^2021_07_28_09_31_27^^.png
[ok] SS21-47168^2021_07_29_07_44_35^^.jpg | 1 box | u=223140px (4.5% ảnh) -> eval_masks_550/SS21-47168^2021_07_29_07_44_35^^.png
[ok] SS21-47476^2021_07_29_09_21_30^^.jpg | 1 box | u=20845px (0.4% ảnh) -> eval_masks_550/SS21-47476^2021_07_29_09_21_30^^.png
[ok] SS21-47476^2021_07_30_07_46_07^^.jpg | 1 box | u=26409px (0.5% ảnh) -> eval_masks_550/SS21-47476^2021_07_30_07_46_07^^.png
[ok] SS21-47476^2021_07_30_10_28_43^^.jpg | 1 box | u=343726px (6.9% ảnh) -> eval_masks_550/SS21-47476^2021_07_30_10_28_43^^.png
[ok] SS21-48746^2021-08-04_11-13-42.jpg | 1 box | u=94343px (1.9% ảnh) -> eval_masks_550/SS21-48746^2021-08-04_11-13-42.png
[ok] SS21-48746^2021_08_05_07_31_16^^.jpg | 1 box | u=44155px (0.9% ảnh) -> eval_masks_550/SS21-48746^2021_08_05_07_31_16^^.png
[ok] SS21-48760^2021_08_04_13_34_57^^.jpg | 1 box | u=246795px (4.9% ảnh) -> eval_masks_550/SS21-48760^2021_08_04_13_34_57^^.png
[ok] SS21-48867^2021_08_05_08_19_54^^.jpg | 1 box | u=21810px (0.4% ảnh) -> eval_masks_550/SS21-48867^2021_08_05_08_19_54^^.png
[ok] SS21-49019^2021_08_05_10_35_35^^.jpg | 1 box | u=634827px (12.7% ảnh) -> eval_masks_550/SS21-49019^2021_08_05_10_35_35^^.png
[ok] SS21-49019^2021_08_06_09_29_47^^.jpg | 1 box | u=132514px (2.7% ảnh) -> eval_masks_550/SS21-49019^2021_08_06_09_29_47^^.png
[ok] SS21-49019^2021_08_06_09_30_04^^.jpg | 1 box | u=168671px (3.4% ảnh) -> eval_masks_550/SS21-49019^2021_08_06_09_30_04^^.png
[ok] SS21-49161^2021_08_05_14_15_29^^.jpg | 1 box | u=58953px (1.2% ảnh) -> eval_masks_550/SS21-49161^2021_08_05_14_15_29^^.png
[ok] SS21-49161^2021_08_06_07_29_12^^.jpg | 1 box | u=127417px (2.6% ảnh) -> eval_masks_550/SS21-49161^2021_08_06_07_29_12^^.png
[ok] SS21-49806^2021_08_09_14_37_25^^.jpg | 1 box | u=6893px (0.1% ảnh) -> eval_masks_550/SS21-49806^2021_08_09_14_37_25^^.png
[ok] SS21-50303 Regross.jpg | 1 box | u=211146px (4.2% ảnh) -> eval_masks_550/SS21-50303 Regross.png
[ok] SS21-50303^2021_08_11_10_42_27^1234^.jpg | 1 box | u=27830px (0.6% ảnh) -> eval_masks_550/SS21-50303^2021_08_11_10_42_27^1234^.png
[ok] SS21-50308^2021_08_11_09_07_21^^.jpg | 1 box | u=138505px (2.8% ảnh) -> eval_masks_550/SS21-50308^2021_08_11_09_07_21^^.png
[ok] SS21-50416^2021_08_11_13_55_20^1234^.jpg | 1 box | u=556309px (11.1% ảnh) -> eval_masks_550/SS21-50416^2021_08_11_13_55_20^1234^.png
[ok] SS21-50432^2021_08_11_15_20_20^1234^.jpg | 1 box | u=218249px (4.4% ảnh) -> eval_masks_550/SS21-50432^2021_08_11_15_20_20^1234^.png
[ok] SS21-50526^2021-08-13_08-34-36.jpg | 1 box | u=126581px (2.5% ảnh) -> eval_masks_550/SS21-50526^2021-08-13_08-34-36.png
[ok] SS21-50526^2021_08_13_08_31_07^^.jpg | 1 box | u=141226px (2.8% ảnh) -> eval_masks_550/SS21-50526^2021_08_13_08_31_07^^.png
[ok] SS21-51288^2021_08_17_07_42_38^^.jpg | 1 box | u=770334px (15.4% ảnh) -> eval_masks_550/SS21-51288^2021_08_17_07_42_38^^.png
[ok] SS21-51288^2021_08_17_10_23_54^^.jpg | 1 box | u=266827px (5.3% ảnh) -> eval_masks_550/SS21-51288^2021_08_17_10_23_54^^.png
[ok] SS21-51362^2021_08_17_08_41_40^^.jpg | 1 box | u=347970px (7.0% ảnh) -> eval_masks_550/SS21-51362^2021_08_17_08_41_40^^.png
[ok] SS21-51386^2021_08_17_09_08_57^^.jpg | 1 box | u=76318px (1.5% ảnh) -> eval_masks_550/SS21-51386^2021_08_17_09_08_57^^.png
[ok] SS21-51386^2021_08_17_09_15_10^^.jpg | 1 box | u=140011px (2.8% ảnh) -> eval_masks_550/SS21-51386^2021_08_17_09_15_10^^.png
[ok] SS21-51391^2021_08_17_08_52_49^^.jpg | 1 box | u=138714px (2.8% ảnh) -> eval_masks_550/SS21-51391^2021_08_17_08_52_49^^.png
[ok] SS21-51996^2021_08_18_14_52_09^^.jpg | 1 box | u=130798px (2.6% ảnh) -> eval_masks_550/SS21-51996^2021_08_18_14_52_09^^.png
[ok] SS21-51996^2021_08_19_08_24_07^^.jpg | 1 box | u=140216px (2.8% ảnh) -> eval_masks_550/SS21-51996^2021_08_19_08_24_07^^.png
[ok] SS21-52058^2021-08-20_08-44-40.jpg | 1 box | u=383854px (7.7% ảnh) -> eval_masks_550/SS21-52058^2021-08-20_08-44-40.png
[ok] SS21-52269^2021_08_20_08_52_59^^.jpg | 1 box | u=36789px (0.7% ảnh) -> eval_masks_550/SS21-52269^2021_08_20_08_52_59^^.png
[ok] SS21-52885^2021_08_24_14_18_14^^.jpg | 1 box | u=96197px (1.9% ảnh) -> eval_masks_550/SS21-52885^2021_08_24_14_18_14^^.png
[ok] SS21-53442^2021_08_25_09_51_19^^.jpg | 1 box | u=365220px (7.3% ảnh) -> eval_masks_550/SS21-53442^2021_08_25_09_51_19^^.png
[ok] SS21-53621^2021_08_25_13_40_50^^.jpg | 1 box | u=523450px (10.5% ảnh) -> eval_masks_550/SS21-53621^2021_08_25_13_40_50^^.png
[ok] SS21-53710^2021_08_26_09_24_52^^.jpg | 1 box | u=300763px (6.0% ảnh) -> eval_masks_550/SS21-53710^2021_08_26_09_24_52^^.png
[ok] SS21-54958^2021_09_02_08_30_00^^.jpg | 1 box | u=592956px (11.9% ảnh) -> eval_masks_550/SS21-54958^2021_09_02_08_30_00^^.png
[ok] SS21-54976^2021_09_01_08_57_34^^.jpg | 1 box | u=243128px (4.9% ảnh) -> eval_masks_550/SS21-54976^2021_09_01_08_57_34^^.png
[ok] SS21-55242^2021_09_01_14_27_01^^.jpg | 1 box | u=126305px (2.5% ảnh) -> eval_masks_550/SS21-55242^2021_09_01_14_27_01^^.png
[ok] SS21-55436^2021_09_02_09_54_13^^.jpg | 1 box | u=297713px (6.0% ảnh) -> eval_masks_550/SS21-55436^2021_09_02_09_54_13^^.png
[ok] SS21-55454^2021_09_02_14_32_50^^.jpg | 1 box | u=305364px (6.1% ảnh) -> eval_masks_550/SS21-55454^2021_09_02_14_32_50^^.png
[ok] SS21-55485^2021_09_03_08_56_04^^.jpg | 1 box | u=300132px (6.0% ảnh) -> eval_masks_550/SS21-55485^2021_09_03_08_56_04^^.png
[ok] SS21-56150^2021_09_06_13_20_36^^.jpg | 1 box | u=291516px (5.8% ảnh) -> eval_masks_550/SS21-56150^2021_09_06_13_20_36^^.png
[ok] SS21-56164^2021_09_06_13_33_41^^.jpg | 1 box | u=107306px (2.2% ảnh) -> eval_masks_550/SS21-56164^2021_09_06_13_33_41^^.png
[ok] SS21-56243^2021_09_07_09_33_37^^.jpg | 1 box | u=281032px (5.6% ảnh) -> eval_masks_550/SS21-56243^2021_09_07_09_33_37^^.png
[ok] SS21-56383^2021_09_07_10_07_30^^.jpg | 1 box | u=210198px (4.2% ảnh) -> eval_masks_550/SS21-56383^2021_09_07_10_07_30^^.png
[ok] SS21-56739^2021_09_08_10_01_44^^.jpg | 1 box | u=64553px (1.3% ảnh) -> eval_masks_550/SS21-56739^2021_09_08_10_01_44^^.png
[ok] SS21-56823^2021_09_08_13_17_41^^.jpg | 1 box | u=260530px (5.2% ảnh) -> eval_masks_550/SS21-56823^2021_09_08_13_17_41^^.png
[ok] SS21-56842^2021_09_09_08_41_59^^.jpg | 1 box | u=544014px (10.9% ảnh) -> eval_masks_550/SS21-56842^2021_09_09_08_41_59^^.png
[ok] SS21-57112^2021_09_09_14_27_07^^.jpg | 1 box | u=140755px (2.8% ảnh) -> eval_masks_550/SS21-57112^2021_09_09_14_27_07^^.png
[ok] SS21-57600^2021_09_14_08_47_35^^.jpg | 1 box | u=33072px (0.7% ảnh) -> eval_masks_550/SS21-57600^2021_09_14_08_47_35^^.png
[ok] SS21-57600^2021_09_14_08_47_46^^.jpg | 1 box | u=223864px (4.5% ảnh) -> eval_masks_550/SS21-57600^2021_09_14_08_47_46^^.png
[ok] SS21-57667^2021_09_14_08_19_22^^.jpg | 1 box | u=73384px (1.5% ảnh) -> eval_masks_550/SS21-57667^2021_09_14_08_19_22^^.png
[ok] SS21-57667^2021_09_14_10_22_07^^.jpg | 1 box | u=43899px (0.9% ảnh) -> eval_masks_550/SS21-57667^2021_09_14_10_22_07^^.png
[ok] SS21-57803^2021_09_13_11_14_48^^.jpg | 1 box | u=68105px (1.4% ảnh) -> eval_masks_550/SS21-57803^2021_09_13_11_14_48^^.png
[ok] SS21-57974^2021_09_15_09_12_17^^.jpg | 1 box | u=142078px (2.8% ảnh) -> eval_masks_550/SS21-57974^2021_09_15_09_12_17^^.png
[ok] SS21-57999^2021_09_14_09_31_35^^.jpg | 1 box | u=289416px (5.8% ảnh) -> eval_masks_550/SS21-57999^2021_09_14_09_31_35^^.png
[ok] SS21-58018^2021_09_15_09_05_08^^.jpg | 1 box | u=700139px (14.0% ảnh) -> eval_masks_550/SS21-58018^2021_09_15_09_05_08^^.png
[ok] SS21-58163^2021_09_15_14_32_34^^.jpg | 1 box | u=99201px (2.0% ảnh) -> eval_masks_550/SS21-58163^2021_09_15_14_32_34^^.png
[ok] SS21-58317^2021_09_15_09_11_09^^.jpg | 1 box | u=943529px (18.9% ảnh) -> eval_masks_550/SS21-58317^2021_09_15_09_11_09^^.png
[ok] SS21-58403^2021_09_16_08_39_26^^.jpg | 1 box | u=87740px (1.8% ảnh) -> eval_masks_550/SS21-58403^2021_09_16_08_39_26^^.png
[ok] SS21-58498^2021_09_16_08_31_07^^.jpg | 1 box | u=354146px (7.1% ảnh) -> eval_masks_550/SS21-58498^2021_09_16_08_31_07^^.png
[ok] SS21-58714^2021_09_16_10_36_53^1234^.jpg | 1 box | u=94337px (1.9% ảnh) -> eval_masks_550/SS21-58714^2021_09_16_10_36_53^1234^.png
[ok] SS21-58714^2021_09_17_08_24_07^^.jpg | 1 box | u=397130px (8.0% ảnh) -> eval_masks_550/SS21-58714^2021_09_17_08_24_07^^.png
[ok] SS21-58874^2021_09_16_09_31_06^^.jpg | 1 box | u=1011243px (20.3% ảnh) -> eval_masks_550/SS21-58874^2021_09_16_09_31_06^^.png
[ok] SS21-58881^2021_09_16_09_38_46^^.jpg | 1 box | u=252306px (5.1% ảnh) -> eval_masks_550/SS21-58881^2021_09_16_09_38_46^^.png
[ok] SS21-58881^2021_09_16_09_41_57^^.jpg | 1 box | u=45056px (0.9% ảnh) -> eval_masks_550/SS21-58881^2021_09_16_09_41_57^^.png
[ok] SS21-58890^2021_09_16_10_37_58^1234^.jpg | 1 box | u=133119px (2.7% ảnh) -> eval_masks_550/SS21-58890^2021_09_16_10_37_58^1234^.png
[ok] SS21-58890^2021_09_16_10_38_26^1234^.jpg | 1 box | u=24302px (0.5% ảnh) -> eval_masks_550/SS21-58890^2021_09_16_10_38_26^1234^.png
[ok] SS21-58890^2021_09_17_08_20_43^^.jpg | 1 box | u=1105087px (22.1% ảnh) -> eval_masks_550/SS21-58890^2021_09_17_08_20_43^^.png
[ok] SS21-58890^2021_09_17_08_21_00^^.jpg | 1 box | u=792412px (15.9% ảnh) -> eval_masks_550/SS21-58890^2021_09_17_08_21_00^^.png
[ok] SS21-59265^2021_09_23_08_24_21^^.jpg | 1 box | u=129619px (2.6% ảnh) -> eval_masks_550/SS21-59265^2021_09_23_08_24_21^^.png
[ok] SS21-60352^2021_09_28_11_08_30^^.jpg | 1 box | u=688054px (13.8% ảnh) -> eval_masks_550/SS21-60352^2021_09_28_11_08_30^^.png
[ok] SS21-60366^2021_09_27_15_01_19^^.jpg | 1 box | u=161292px (3.2% ảnh) -> eval_masks_550/SS21-60366^2021_09_27_15_01_19^^.png
[ok] SS21-60615^2021_09_29_08_26_27^^.jpg | 1 box | u=119316px (2.4% ảnh) -> eval_masks_550/SS21-60615^2021_09_29_08_26_27^^.png
[ok] SS21-60615^2021_09_29_14_25_43^^.jpg | 1 box | u=67912px (1.4% ảnh) -> eval_masks_550/SS21-60615^2021_09_29_14_25_43^^.png
[ok] SS21-60802^2021_09_29_09_04_04^^.jpg | 1 box | u=381494px (7.6% ảnh) -> eval_masks_550/SS21-60802^2021_09_29_09_04_04^^.png
[ok] SS21-60938^2021_09_30_08_16_32^^.jpg | 1 box | u=1807878px (36.2% ảnh) -> eval_masks_550/SS21-60938^2021_09_30_08_16_32^^.png
[ok] SS21-60938^2021_09_30_14_06_04^^.jpg | 1 box | u=165616px (3.3% ảnh) -> eval_masks_550/SS21-60938^2021_09_30_14_06_04^^.png
[ok] SS21-60940^2021_09_29_09_59_35^^.jpg | 1 box | u=220220px (4.4% ảnh) -> eval_masks_550/SS21-60940^2021_09_29_09_59_35^^.png
[ok] SS21-60971^2021_09_29_13_38_30^^.jpg | 1 box | u=58199px (1.2% ảnh) -> eval_masks_550/SS21-60971^2021_09_29_13_38_30^^.png
[ok] SS21-60971^2021_09_30_13_56_48^^.jpg | 1 box | u=535069px (10.7% ảnh) -> eval_masks_550/SS21-60971^2021_09_30_13_56_48^^.png
[ok] SS21-61026^2021_09_29_13_44_36^^.jpg | 1 box | u=260996px (5.2% ảnh) -> eval_masks_550/SS21-61026^2021_09_29_13_44_36^^.png
[ok] SS21-61061^2021_09_29_14_36_41^^.jpg | 1 box | u=266620px (5.3% ảnh) -> eval_masks_550/SS21-61061^2021_09_29_14_36_41^^.png
[ok] SS21-61131^2021_09_30_09_07_30^^.jpg | 1 box | u=244964px (4.9% ảnh) -> eval_masks_550/SS21-61131^2021_09_30_09_07_30^^.png
[ok] SS21-61314^2021_10_01_08_32_13^^.jpg | 1 box | u=656487px (13.2% ảnh) -> eval_masks_550/SS21-61314^2021_10_01_08_32_13^^.png
[ok] SS21-62064^2021_10_05_09_34_41^^.jpg | 1 box | u=153793px (3.1% ảnh) -> eval_masks_550/SS21-62064^2021_10_05_09_34_41^^.png
[ok] SS21-62116^2021_10_06_11_00_37^^.jpg | 1 box | u=214302px (4.3% ảnh) -> eval_masks_550/SS21-62116^2021_10_06_11_00_37^^.png
[ok] SS21-62426^2021_10_06_10_48_07^^.jpg | 1 box | u=1527794px (30.6% ảnh) -> eval_masks_550/SS21-62426^2021_10_06_10_48_07^^.png
[ok] SS22-00304^2022_01_04_14_52_56^^.jpg | 1 box | u=642290px (12.9% ảnh) -> eval_masks_550/SS22-00304^2022_01_04_14_52_56^^.png
[ok] SS22-00346^2022_01_04_16_18_52^^.jpg | 1 box | u=778095px (15.6% ảnh) -> eval_masks_550/SS22-00346^2022_01_04_16_18_52^^.png
[ok] SS22-00782^2022_01_07_08_52_04^^.jpg | 1 box | u=343612px (6.9% ảnh) -> eval_masks_550/SS22-00782^2022_01_07_08_52_04^^.png
[ok] SS22-00940^2022_01_06_09_52_55^^.jpg | 1 box | u=460885px (9.2% ảnh) -> eval_masks_550/SS22-00940^2022_01_06_09_52_55^^.png
[ok] SS22-00940^2022_01_07_08_23_09^^.jpg | 1 box | u=30435px (0.6% ảnh) -> eval_masks_550/SS22-00940^2022_01_07_08_23_09^^.png
[ok] SS22-00940^2022_01_07_10_43_10^^.jpg | 1 box | u=513573px (10.3% ảnh) -> eval_masks_550/SS22-00940^2022_01_07_10_43_10^^.png
[ok] SS22-00940^2022_01_07_10_43_16^^.jpg | 1 box | u=575309px (11.5% ảnh) -> eval_masks_550/SS22-00940^2022_01_07_10_43_16^^.png
[ok] SS22-02000^2022_01_11_09_31_40^^.jpg | 1 box | u=212461px (4.3% ảnh) -> eval_masks_550/SS22-02000^2022_01_11_09_31_40^^.png
[ok] SS22-02205^2022_01_12_09_37_05^^.jpg | 1 box | u=1318731px (26.4% ảnh) -> eval_masks_550/SS22-02205^2022_01_12_09_37_05^^.png
[ok] SS22-02205^2022_01_12_09_37_19^^.jpg | 1 box | u=87787px (1.8% ảnh) -> eval_masks_550/SS22-02205^2022_01_12_09_37_19^^.png
[ok] SS22-02329^2022_01_13_08_51_39^^.jpg | 1 box | u=980465px (19.6% ảnh) -> eval_masks_550/SS22-02329^2022_01_13_08_51_39^^.png
[ok] SS22-02335^2022_01_12_10_05_17^^.jpg | 1 box | u=1267726px (25.4% ảnh) -> eval_masks_550/SS22-02335^2022_01_12_10_05_17^^.png
[ok] SS22-02443^2022_01_12_14_16_31^^.jpg | 1 box | u=130719px (2.6% ảnh) -> eval_masks_550/SS22-02443^2022_01_12_14_16_31^^.png
[ok] SS22-03300^2022_01_17_09_12_34^^.jpg | 1 box | u=655328px (13.1% ảnh) -> eval_masks_550/SS22-03300^2022_01_17_09_12_34^^.png
[ok] SS22-03311^2022_01_17_10_14_43^^.jpg | 1 box | u=400512px (8.0% ảnh) -> eval_masks_550/SS22-03311^2022_01_17_10_14_43^^.png
[ok] SS22-03545^2022_01_18_08_44_59^^.jpg | 1 box | u=243409px (4.9% ảnh) -> eval_masks_550/SS22-03545^2022_01_18_08_44_59^^.png
[ok] SS22-03545^2022_01_19_08_31_17^^.jpg | 1 box | u=104959px (2.1% ảnh) -> eval_masks_550/SS22-03545^2022_01_19_08_31_17^^.png
[ok] SS22-03545^2022_01_19_08_31_49^^.jpg | 1 box | u=637074px (12.8% ảnh) -> eval_masks_550/SS22-03545^2022_01_19_08_31_49^^.png
[ok] SS22-04034^2022_01_19_09_23_41^^.jpg | 1 box | u=634320px (12.7% ảnh) -> eval_masks_550/SS22-04034^2022_01_19_09_23_41^^.png
[ok] SS22-05278^2022_01_25_08_57_19^^.jpg | 1 box | u=346688px (6.9% ảnh) -> eval_masks_550/SS22-05278^2022_01_25_08_57_19^^.png
[ok] SS22-05509^2022_01_25_15_10_39^^.jpg | 1 box | u=588141px (11.8% ảnh) -> eval_masks_550/SS22-05509^2022_01_25_15_10_39^^.png
[ok] SS22-05605^2022_01_27_08_30_23^^.jpg | 1 box | u=1891915px (37.9% ảnh) -> eval_masks_550/SS22-05605^2022_01_27_08_30_23^^.png
[ok] SS22-06147^2022_01_27_10_45_51^^.jpg | 1 box | u=86669px (1.7% ảnh) -> eval_masks_550/SS22-06147^2022_01_27_10_45_51^^.png
[ok] SS22-07198^2022_02_04_14_01_28^^.jpg | 1 box | u=132995px (2.7% ảnh) -> eval_masks_550/SS22-07198^2022_02_04_14_01_28^^.png
[ok] SS22-07198^2022_02_04_14_02_07^^.jpg | 1 box | u=266853px (5.3% ảnh) -> eval_masks_550/SS22-07198^2022_02_04_14_02_07^^.png
[ok] SS22-07198^2022_02_04_15_25_06^^.jpg | 1 box | u=1734537px (34.8% ảnh) -> eval_masks_550/SS22-07198^2022_02_04_15_25_06^^.png
[ok] SS22-07226^2022_02_04_16_17_38^^.jpg | 1 box | u=145647px (2.9% ảnh) -> eval_masks_550/SS22-07226^2022_02_04_16_17_38^^.png
[ok] SS22-07226^2022_02_07_10_53_41^^.jpg | 1 box | u=1254441px (25.1% ảnh) -> eval_masks_550/SS22-07226^2022_02_07_10_53_41^^.png
[ok] SS22-07484^2022_02_07_15_14_16^^.jpg | 1 box | u=146854px (2.9% ảnh) -> eval_masks_550/SS22-07484^2022_02_07_15_14_16^^.png
[ok] SS22-07484^2022_02_08_08_21_56^^.jpg | 1 box | u=71841px (1.4% ảnh) -> eval_masks_550/SS22-07484^2022_02_08_08_21_56^^.png
[ok] SS22-08173^2022_02_09_14_19_00^^.jpg | 1 box | u=43880px (0.9% ảnh) -> eval_masks_550/SS22-08173^2022_02_09_14_19_00^^.png
[ok] SS22-08173^2022_02_10_08_19_31^^.jpg | 1 box | u=127382px (2.6% ảnh) -> eval_masks_550/SS22-08173^2022_02_10_08_19_31^^.png
[ok] SS22-08279^2022_02_11_08_59_50^^.jpg | 1 box | u=641772px (12.9% ảnh) -> eval_masks_550/SS22-08279^2022_02_11_08_59_50^^.png
[ok] SS22-08279^2022_02_11_09_00_12^^.jpg | 1 box | u=1163541px (23.3% ảnh) -> eval_masks_550/SS22-08279^2022_02_11_09_00_12^^.png
[ok] SS22-08886^2022_02_14_08_23_29^^.jpg | 1 box | u=247446px (5.0% ảnh) -> eval_masks_550/SS22-08886^2022_02_14_08_23_29^^.png
[ok] SS22-08886^2022_02_14_08_24_05^^.jpg | 1 box | u=694073px (13.9% ảnh) -> eval_masks_550/SS22-08886^2022_02_14_08_24_05^^.png
[ok] SS22-09683^2022_02_16_09_43_22^^.jpg | 1 box | u=102646px (2.1% ảnh) -> eval_masks_550/SS22-09683^2022_02_16_09_43_22^^.png
[ok] SS22-10249^2022_02_17_13_31_29^^.jpg | 1 box | u=1400770px (28.1% ảnh) -> eval_masks_550/SS22-10249^2022_02_17_13_31_29^^.png
[ok] SS22-11242^2022_02_22_11_13_42^^.jpg | 1 box | u=2361803px (47.3% ảnh) -> eval_masks_550/SS22-11242^2022_02_22_11_13_42^^.png
[ok] SS22-11534^2022_02_23_10_06_04^^.jpg | 1 box | u=851713px (17.1% ảnh) -> eval_masks_550/SS22-11534^2022_02_23_10_06_04^^.png
[ok] SS22-11842^2022_02_24_10_27_00^^.jpg | 1 box | u=756313px (15.2% ảnh) -> eval_masks_550/SS22-11842^2022_02_24_10_27_00^^.png
[ok] SS22-11842^2022_02_25_11_06_04^^.jpg | 1 box | u=630367px (12.6% ảnh) -> eval_masks_550/SS22-11842^2022_02_25_11_06_04^^.png
[ok] SS22-11929^2022_02_25_08_21_24^^.jpg | 1 box | u=489293px (9.8% ảnh) -> eval_masks_550/SS22-11929^2022_02_25_08_21_24^^.png
[ok] SS22-11929^2022_02_25_08_21_37^^.jpg | 1 box | u=382019px (7.7% ảnh) -> eval_masks_550/SS22-11929^2022_02_25_08_21_37^^.png
[ok] SS22-12428^2022_02_28_10_42_00^^.jpg | 1 box | u=578240px (11.6% ảnh) -> eval_masks_550/SS22-12428^2022_02_28_10_42_00^^.png
[ok] SS22-12428^2022_02_28_10_48_45^^.jpg | 1 box | u=36352px (0.7% ảnh) -> eval_masks_550/SS22-12428^2022_02_28_10_48_45^^.png
[ok] SS22-13637^2022_03_07_14_24_43^^.jpg | 1 box | u=50301px (1.0% ảnh) -> eval_masks_550/SS22-13637^2022_03_07_14_24_43^^.png
[ok] SS22-13977^2022_03_08_13_53_19^^.jpg | 1 box | u=177953px (3.6% ảnh) -> eval_masks_550/SS22-13977^2022_03_08_13_53_19^^.png
[ok] SS22-14290^2022_03_10_13_38_31^^.jpg | 1 box | u=1176182px (23.6% ảnh) -> eval_masks_550/SS22-14290^2022_03_10_13_38_31^^.png
[ok] SS22-15172^2022_03_16_08_58_17^^.jpg | 1 box | u=561868px (11.3% ảnh) -> eval_masks_550/SS22-15172^2022_03_16_08_58_17^^.png
[ok] SS22-15203^2022_03_16_09_51_27^^.jpg | 1 box | u=665973px (13.3% ảnh) -> eval_masks_550/SS22-15203^2022_03_16_09_51_27^^.png
[ok] SS22-15203^2022_03_16_09_51_38^^.jpg | 1 box | u=391885px (7.9% ảnh) -> eval_masks_550/SS22-15203^2022_03_16_09_51_38^^.png
[ok] SS22-15289^2022_03_15_14_57_31^^.jpg | 1 box | u=1779383px (35.7% ảnh) -> eval_masks_550/SS22-15289^2022_03_15_14_57_31^^.png
[ok] SS22-15289^2022_03_16_09_27_15^^.jpg | 1 box | u=758730px (15.2% ảnh) -> eval_masks_550/SS22-15289^2022_03_16_09_27_15^^.png
[ok] SS22-15493^2022_03_16_10_00_43^^.jpg | 1 box | u=307552px (6.2% ảnh) -> eval_masks_550/SS22-15493^2022_03_16_10_00_43^^.png
[ok] SS22-15493^2022_03_17_09_59_29^^.jpg | 1 box | u=904869px (18.1% ảnh) -> eval_masks_550/SS22-15493^2022_03_17_09_59_29^^.png
[ok] SS22-15672^2022_03_17_09_50_19^^.jpg | 1 box | u=605689px (12.1% ảnh) -> eval_masks_550/SS22-15672^2022_03_17_09_50_19^^.png
[ok] SS22-17247^2022_03_24_10_01_53^^.jpg | 1 box | u=463949px (9.3% ảnh) -> eval_masks_550/SS22-17247^2022_03_24_10_01_53^^.png
[ok] SS22-17247^2022_03_24_10_08_53^^.jpg | 1 box | u=866927px (17.4% ảnh) -> eval_masks_550/SS22-17247^2022_03_24_10_08_53^^.png
[ok] SS22-17247^2022_03_25_08_45_52^^.jpg | 1 box | u=419165px (8.4% ảnh) -> eval_masks_550/SS22-17247^2022_03_25_08_45_52^^.png
[ok] SS22-17247^2022_03_25_10_27_22^^.jpg | 1 box | u=600621px (12.0% ảnh) -> eval_masks_550/SS22-17247^2022_03_25_10_27_22^^.png
[ok] SS22-18063^2022_03_29_09_55_16^^.jpg | 1 box | u=140241px (2.8% ảnh) -> eval_masks_550/SS22-18063^2022_03_29_09_55_16^^.png
[ok] SS22-18100^2022_03_30_09_04_40^^.jpg | 1 box | u=384240px (7.7% ảnh) -> eval_masks_550/SS22-18100^2022_03_30_09_04_40^^.png
[ok] SS22-18472^2022_03_30_09_21_43^^.jpg | 1 box | u=53984px (1.1% ảnh) -> eval_masks_550/SS22-18472^2022_03_30_09_21_43^^.png
[ok] SS22-18472^2022_03_31_09_36_37^^.jpg | 1 box | u=245604px (4.9% ảnh) -> eval_masks_550/SS22-18472^2022_03_31_09_36_37^^.png
[ok] SS22-18576^2022_03_30_14_21_18^^.jpg | 1 box | u=156034px (3.1% ảnh) -> eval_masks_550/SS22-18576^2022_03_30_14_21_18^^.png
[ok] SS22-19443^2022_04_05_09_03_32^^.jpg | 1 box | u=1153404px (23.1% ảnh) -> eval_masks_550/SS22-19443^2022_04_05_09_03_32^^.png
[ok] SS22-19569^2022_04_05_14_49_41^^.jpg | 1 box | u=157749px (3.2% ảnh) -> eval_masks_550/SS22-19569^2022_04_05_14_49_41^^.png
[ok] SS22-20120^2022_04_06_14_08_03^^.jpg | 1 box | u=459333px (9.2% ảnh) -> eval_masks_550/SS22-20120^2022_04_06_14_08_03^^.png
[ok] SS22-21660^2022_04_13_13_53_03^^.jpg | 1 box | u=905979px (18.2% ảnh) -> eval_masks_550/SS22-21660^2022_04_13_13_53_03^^.png
[ok] SS22-21834^2022_04_14_09_11_34^^.jpg | 1 box | u=351837px (7.1% ảnh) -> eval_masks_550/SS22-21834^2022_04_14_09_11_34^^.png
[ok] SS22-21977^2022_04_14_16_14_03^^.jpg | 1 box | u=1849779px (37.1% ảnh) -> eval_masks_550/SS22-21977^2022_04_14_16_14_03^^.png
[ok] SS22-21977^2022_04_15_08_37_50^^.jpg | 1 box | u=1133180px (22.7% ảnh) -> eval_masks_550/SS22-21977^2022_04_15_08_37_50^^.png
[ok] SS22-21977^2022_04_15_13_23_42^^.jpg | 1 box | u=625908px (12.5% ảnh) -> eval_masks_550/SS22-21977^2022_04_15_13_23_42^^.png
[ok] SS22-21981^2022_04_15_10_12_02^^.jpg | 1 box | u=135317px (2.7% ảnh) -> eval_masks_550/SS22-21981^2022_04_15_10_12_02^^.png
[ok] SS22-23530^2022_04_21_09_50_33^^.jpg | 1 box | u=700813px (14.0% ảnh) -> eval_masks_550/SS22-23530^2022_04_21_09_50_33^^.png
[ok] SS22-23636^2022_04_21_09_18_04^^.jpg | 1 box | u=506135px (10.1% ảnh) -> eval_masks_550/SS22-23636^2022_04_21_09_18_04^^.png
[ok] SS22-23641^2022_04_22_09_50_42^^.jpg | 1 box | u=362724px (7.3% ảnh) -> eval_masks_550/SS22-23641^2022_04_22_09_50_42^^.png
[ok] SS22-23641^2022_04_22_09_51_26^^.jpg | 1 box | u=191121px (3.8% ảnh) -> eval_masks_550/SS22-23641^2022_04_22_09_51_26^^.png
[ok] SS22-23644^2022_04_21_10_20_15^^.jpg | 1 box | u=1064504px (21.3% ảnh) -> eval_masks_550/SS22-23644^2022_04_21_10_20_15^^.png
[ok] SS22-24602^2022_04_27_09_18_53^^.jpg | 1 box | u=625900px (12.5% ảnh) -> eval_masks_550/SS22-24602^2022_04_27_09_18_53^^.png
[ok] SS22-24926^2022_04_27_13_57_33^^.jpg | 1 box | u=537517px (10.8% ảnh) -> eval_masks_550/SS22-24926^2022_04_27_13_57_33^^.png
[ok] SS22-25059^2022_04_27_16_47_31^^.jpg | 1 box | u=1334843px (26.7% ảnh) -> eval_masks_550/SS22-25059^2022_04_27_16_47_31^^.png
[ok] SS22-25742^2022_05_02_11_21_20^^.jpg | 1 box | u=559319px (11.2% ảnh) -> eval_masks_550/SS22-25742^2022_05_02_11_21_20^^.png
[ok] SS22-26031^2022_05_03_10_40_01^^.jpg | 1 box | u=462194px (9.3% ảnh) -> eval_masks_550/SS22-26031^2022_05_03_10_40_01^^.png
[ok] SS22-26031^2022_05_03_10_41_49^^.jpg | 1 box | u=347045px (7.0% ảnh) -> eval_masks_550/SS22-26031^2022_05_03_10_41_49^^.png
[ok] SS22-26031^2022_05_03_10_42_33^^.jpg | 1 box | u=679923px (13.6% ảnh) -> eval_masks_550/SS22-26031^2022_05_03_10_42_33^^.png
[ok] SS22-26595^2022_05_04_13_53_04^^.jpg | 1 box | u=621351px (12.5% ảnh) -> eval_masks_550/SS22-26595^2022_05_04_13_53_04^^.png
[ok] SS22-26595^2022_05_04_13_53_16^^.jpg | 1 box | u=247442px (5.0% ảnh) -> eval_masks_550/SS22-26595^2022_05_04_13_53_16^^.png
[ok] SS22-27431^2022_05_09_15_30_44^^.jpg | 1 box | u=59529px (1.2% ảnh) -> eval_masks_550/SS22-27431^2022_05_09_15_30_44^^.png
[ok] SS22-27431^2022_05_10_14_33_31^^.jpg | 1 box | u=655113px (13.1% ảnh) -> eval_masks_550/SS22-27431^2022_05_10_14_33_31^^.png
[ok] SS22-27993^2022_05_12_08_58_30^^.jpg | 1 box | u=230872px (4.6% ảnh) -> eval_masks_550/SS22-27993^2022_05_12_08_58_30^^.png
[ok] SS22-28454^2022_05_12_14_24_27^^.jpg | 1 box | u=757912px (15.2% ảnh) -> eval_masks_550/SS22-28454^2022_05_12_14_24_27^^.png
[ok] SS22-29126^2022_05_17_09_44_34^^.jpg | 1 box | u=406610px (8.1% ảnh) -> eval_masks_550/SS22-29126^2022_05_17_09_44_34^^.png
[ok] SS22-29464^2022_05_17_14_29_28^^.jpg | 1 box | u=124630px (2.5% ảnh) -> eval_masks_550/SS22-29464^2022_05_17_14_29_28^^.png
[ok] SS22-29464^2022_05_18_08_47_58^^.jpg | 1 box | u=1593006px (31.9% ảnh) -> eval_masks_550/SS22-29464^2022_05_18_08_47_58^^.png
[ok] SS22-29464^2022_05_18_09_33_58^^.jpg | 1 box | u=1643259px (32.9% ảnh) -> eval_masks_550/SS22-29464^2022_05_18_09_33_58^^.png
[ok] SS22-29624^2022_05_18_14_26_33^^.jpg | 1 box | u=426910px (8.6% ảnh) -> eval_masks_550/SS22-29624^2022_05_18_14_26_33^^.png
[ok] SS22-31225^2022_05_24_13_37_49^^.jpg | 1 box | u=206395px (4.1% ảnh) -> eval_masks_550/SS22-31225^2022_05_24_13_37_49^^.png
[ok] SS22-31312^2022_05_25_09_35_43^1234^.jpg | 1 box | u=102270px (2.0% ảnh) -> eval_masks_550/SS22-31312^2022_05_25_09_35_43^1234^.png
[ok] SS22-31312^2022_05_26_08_36_03^^.jpg | 1 box | u=103934px (2.1% ảnh) -> eval_masks_550/SS22-31312^2022_05_26_08_36_03^^.png
[ok] SS22-31623^2022_05_26_09_28_43^^.jpg | 1 box | u=159850px (3.2% ảnh) -> eval_masks_550/SS22-31623^2022_05_26_09_28_43^^.png
[ok] SS22-32732^2022_05_31_10_19_25^^.jpg | 1 box | u=505849px (10.1% ảnh) -> eval_masks_550/SS22-32732^2022_05_31_10_19_25^^.png
[ok] SS22-32903^2022-06-02_09-19-10.jpg | 1 box | u=1064602px (21.3% ảnh) -> eval_masks_550/SS22-32903^2022-06-02_09-19-10.png
[ok] SS22-33228^2022_06_02_09_51_30^^.jpg | 1 box | u=685678px (13.7% ảnh) -> eval_masks_550/SS22-33228^2022_06_02_09_51_30^^.png
[ok] SS22-33231^2022_06_03_09_26_32^^.jpg | 1 box | u=796147px (16.0% ảnh) -> eval_masks_550/SS22-33231^2022_06_03_09_26_32^^.png
[ok] SS22-33231^2022_06_03_09_27_41^^.jpg | 1 box | u=515240px (10.3% ảnh) -> eval_masks_550/SS22-33231^2022_06_03_09_27_41^^.png
[ok] SS22-33477^2022_06_03_10_19_42^^.jpg | 1 box | u=252831px (5.1% ảnh) -> eval_masks_550/SS22-33477^2022_06_03_10_19_42^^.png
[ok] SS22-34051^2022_06_08_08_35_43^^.jpg | 1 box | u=133703px (2.7% ảnh) -> eval_masks_550/SS22-34051^2022_06_08_08_35_43^^.png
[ok] SS22-34051^2022_06_08_09_07_03^^.jpg | 1 box | u=42421px (0.9% ảnh) -> eval_masks_550/SS22-34051^2022_06_08_09_07_03^^.png
[ok] SS22-34242^2022_06_08_10_00_18^^.jpg | 1 box | u=153352px (3.1% ảnh) -> eval_masks_550/SS22-34242^2022_06_08_10_00_18^^.png
[ok] SS22-34544^2022_06_09_09_43_17^1234^.jpg | 1 box | u=178240px (3.6% ảnh) -> eval_masks_550/SS22-34544^2022_06_09_09_43_17^1234^.png
[ok] SS22-34544^2022_06_09_09_43_31^1234^.jpg | 1 box | u=175046px (3.5% ảnh) -> eval_masks_550/SS22-34544^2022_06_09_09_43_31^1234^.png
[ok] SS22-35483^2022_06_13_13_42_59^^.jpg | 1 box | u=151933px (3.0% ảnh) -> eval_masks_550/SS22-35483^2022_06_13_13_42_59^^.png
[ok] SS22-35483^2022_06_13_13_43_19^^.jpg | 1 box | u=87437px (1.8% ảnh) -> eval_masks_550/SS22-35483^2022_06_13_13_43_19^^.png
[ok] SS22-35483^2022_06_14_09_35_48^^.jpg | 1 box | u=306739px (6.1% ảnh) -> eval_masks_550/SS22-35483^2022_06_14_09_35_48^^.png
[ok] SS22-35777^2022_06_14_09_18_31^^.jpg | 1 box | u=35252px (0.7% ảnh) -> eval_masks_550/SS22-35777^2022_06_14_09_18_31^^.png
[ok] SS22-35777^2022_06_14_09_25_18^^.jpg | 1 box | u=255702px (5.1% ảnh) -> eval_masks_550/SS22-35777^2022_06_14_09_25_18^^.png
[ok] SS22-35875^2022_06_14_14_15_54^^.jpg | 1 box | u=47518px (1.0% ảnh) -> eval_masks_550/SS22-35875^2022_06_14_14_15_54^^.png
[ok] SS22-35875^2022_06_14_14_17_11^^.jpg | 1 box | u=98678px (2.0% ảnh) -> eval_masks_550/SS22-35875^2022_06_14_14_17_11^^.png
[ok] SS22-35881^2022_06_15_09_24_58^^.jpg | 1 box | u=316555px (6.3% ảnh) -> eval_masks_550/SS22-35881^2022_06_15_09_24_58^^.png
[ok] SS22-36165^2022_06_16_09_06_16^^.jpg | 1 box | u=828610px (16.6% ảnh) -> eval_masks_550/SS22-36165^2022_06_16_09_06_16^^.png
[ok] SS22-36239^2022_06_15_11_09_37^^.jpg | 1 box | u=166441px (3.3% ảnh) -> eval_masks_550/SS22-36239^2022_06_15_11_09_37^^.png
[ok] SS22-36999^2022_06_20_09_10_56^^.jpg | 1 box | u=137490px (2.8% ảnh) -> eval_masks_550/SS22-36999^2022_06_20_09_10_56^^.png
[ok] SS22-37276^2022_06_20_13_45_55^^.jpg | 1 box | u=1699461px (34.1% ảnh) -> eval_masks_550/SS22-37276^2022_06_20_13_45_55^^.png
[ok] SS22-37276^2022_06_20_13_46_09^^.jpg | 1 box | u=1088521px (21.8% ảnh) -> eval_masks_550/SS22-37276^2022_06_20_13_46_09^^.png
[ok] SS22-37714^2022_06_21_14_27_43^^.jpg | 1 box | u=523534px (10.5% ảnh) -> eval_masks_550/SS22-37714^2022_06_21_14_27_43^^.png
[ok] SS22-38394^2022_06_24_08_44_42^^.jpg | 1 box | u=1376043px (27.6% ảnh) -> eval_masks_550/SS22-38394^2022_06_24_08_44_42^^.png
[ok] SS22-38394^2022_06_24_08_44_58^^.jpg | 1 box | u=141344px (2.8% ảnh) -> eval_masks_550/SS22-38394^2022_06_24_08_44_58^^.png
[ok] SS22-39402^2022_06_29_08_56_10^^.jpg | 1 box | u=338311px (6.8% ảnh) -> eval_masks_550/SS22-39402^2022_06_29_08_56_10^^.png
[ok] SS22-39486^2022_06_29_09_17_16^^.jpg | 1 box | u=56737px (1.1% ảnh) -> eval_masks_550/SS22-39486^2022_06_29_09_17_16^^.png
[ok] SS22-39864^2022_06_30_09_13_54^^.jpg | 1 box | u=1403510px (28.1% ảnh) -> eval_masks_550/SS22-39864^2022_06_30_09_13_54^^.png
[ok] SS22-40097^2022_06_30_13_50_22^^.jpg | 1 box | u=1013948px (20.3% ảnh) -> eval_masks_550/SS22-40097^2022_06_30_13_50_22^^.png
[ok] SS22-41078^2022_07_06_10_00_19^^.jpg | 1 box | u=672274px (13.5% ảnh) -> eval_masks_550/SS22-41078^2022_07_06_10_00_19^^.png
[ok] SS22-41080^2022_07_05_08_50_29^^.jpg | 1 box | u=1671976px (33.5% ảnh) -> eval_masks_550/SS22-41080^2022_07_05_08_50_29^^.png
[ok] SS22-41165^2022_07_06_08_39_06^^.jpg | 1 box | u=206428px (4.1% ảnh) -> eval_masks_550/SS22-41165^2022_07_06_08_39_06^^.png
[ok] SS22-41914^2022_07_07_10_17_10^^.jpg | 1 box | u=111813px (2.2% ảnh) -> eval_masks_550/SS22-41914^2022_07_07_10_17_10^^.png
[ok] SS22-43603^2022_07_13_13_51_25^^.jpg | 1 box | u=162337px (3.3% ảnh) -> eval_masks_550/SS22-43603^2022_07_13_13_51_25^^.png
[ok] SS22-43857^2022_07_14_09_29_06^^.jpg | 1 box | u=523264px (10.5% ảnh) -> eval_masks_550/SS22-43857^2022_07_14_09_29_06^^.png
[ok] SS22-43857^2022_07_15_08_34_24^^.jpg | 1 box | u=195430px (3.9% ảnh) -> eval_masks_550/SS22-43857^2022_07_15_08_34_24^^.png
[ok] SS22-43857^2022_07_15_10_23_02^^.jpg | 1 box | u=1061528px (21.3% ảnh) -> eval_masks_550/SS22-43857^2022_07_15_10_23_02^^.png
[ok] SS22-45040^2022_07_19_13_55_10^^.jpg | 1 box | u=227801px (4.6% ảnh) -> eval_masks_550/SS22-45040^2022_07_19_13_55_10^^.png
[ok] SS22-45313^2022_07_21_08_56_56^^.jpg | 1 box | u=764227px (15.3% ảnh) -> eval_masks_550/SS22-45313^2022_07_21_08_56_56^^.png
[ok] SS22-45563^2022_07_21_10_08_59^^.jpg | 1 box | u=482696px (9.7% ảnh) -> eval_masks_550/SS22-45563^2022_07_21_10_08_59^^.png
[ok] SS22-45604^2022_07_21_09_08_10^^.jpg | 1 box | u=128495px (2.6% ảnh) -> eval_masks_550/SS22-45604^2022_07_21_09_08_10^^.png
[ok] SS22-45604^2022_07_21_09_08_24^^.jpg | 1 box | u=49693px (1.0% ảnh) -> eval_masks_550/SS22-45604^2022_07_21_09_08_24^^.png
[ok] SS22-45604^2022_07_22_10_51_53^^.jpg | 1 box | u=337446px (6.8% ảnh) -> eval_masks_550/SS22-45604^2022_07_22_10_51_53^^.png
[ok] SS22-45662^2022_07_21_10_34_40^^.jpg | 1 box | u=113836px (2.3% ảnh) -> eval_masks_550/SS22-45662^2022_07_21_10_34_40^^.png
[ok] SS22-46442^2022_07_25_13_22_14^^.jpg | 1 box | u=406784px (8.2% ảnh) -> eval_masks_550/SS22-46442^2022_07_25_13_22_14^^.png
[ok] SS22-46620^2022_07_26_09_27_14^^.jpg | 1 box | u=876801px (17.6% ảnh) -> eval_masks_550/SS22-46620^2022_07_26_09_27_14^^.png
[ok] SS22-46620^2022_07_26_09_30_12^^.jpg | 1 box | u=928149px (18.6% ảnh) -> eval_masks_550/SS22-46620^2022_07_26_09_30_12^^.png
[ok] SS22-46653^2022_07_26_10_01_42^^.jpg | 1 box | u=554791px (11.1% ảnh) -> eval_masks_550/SS22-46653^2022_07_26_10_01_42^^.png
[ok] SS22-46795^2022_07_26_14_38_45^^.jpg | 1 box | u=64392px (1.3% ảnh) -> eval_masks_550/SS22-46795^2022_07_26_14_38_45^^.png
[ok] SS22-46795^2022_07_27_08_25_25^^.jpg | 1 box | u=191726px (3.8% ảnh) -> eval_masks_550/SS22-46795^2022_07_27_08_25_25^^.png
[ok] SS22-46795^2022_07_27_09_25_24^^.jpg | 1 box | u=491088px (9.8% ảnh) -> eval_masks_550/SS22-46795^2022_07_27_09_25_24^^.png
[ok] SS22-46861^2022_07_28_11_15_47^^.jpg | 1 box | u=1082658px (21.7% ảnh) -> eval_masks_550/SS22-46861^2022_07_28_11_15_47^^.png
[ok] SS22-48138^2022_08_01_16_10_19^^.jpg | 1 box | u=469456px (9.4% ảnh) -> eval_masks_550/SS22-48138^2022_08_01_16_10_19^^.png
[ok] SS22-48138^2022_08_01_16_10_24^^.jpg | 1 box | u=621952px (12.5% ảnh) -> eval_masks_550/SS22-48138^2022_08_01_16_10_24^^.png
[ok] SS22-48138^2022_08_01_16_11_15^^.jpg | 1 box | u=503947px (10.1% ảnh) -> eval_masks_550/SS22-48138^2022_08_01_16_11_15^^.png
[ok] SS22-48370^2022_08_02_10_41_21^^.jpg | 1 box | u=555350px (11.1% ảnh) -> eval_masks_550/SS22-48370^2022_08_02_10_41_21^^.png
[ok] SS22-48395^2022_08_02_10_25_48^^.jpg | 1 box | u=197847px (4.0% ảnh) -> eval_masks_550/SS22-48395^2022_08_02_10_25_48^^.png
[ok] SS22-48978^2022_08_05_10_15_43^^.jpg | 1 box | u=1541216px (30.9% ảnh) -> eval_masks_550/SS22-48978^2022_08_05_10_15_43^^.png
[ok] SS22-49101^2022_08_05_11_23_24^^.jpg | 1 box | u=597849px (12.0% ảnh) -> eval_masks_550/SS22-49101^2022_08_05_11_23_24^^.png
[ok] SS22-49101^2022_08_05_11_23_42^^.jpg | 1 box | u=130526px (2.6% ảnh) -> eval_masks_550/SS22-49101^2022_08_05_11_23_42^^.png
[ok] SS22-49247^2022_08_05_10_16_29^^.jpg | 1 box | u=1066583px (21.4% ảnh) -> eval_masks_550/SS22-49247^2022_08_05_10_16_29^^.png
[ok] SS22-49247^2022_08_05_10_23_44^^.jpg | 1 box | u=187622px (3.8% ảnh) -> eval_masks_550/SS22-49247^2022_08_05_10_23_44^^.png
[ok] SS22-49889^2022_08_08_15_28_35^^.jpg | 1 box | u=114033px (2.3% ảnh) -> eval_masks_550/SS22-49889^2022_08_08_15_28_35^^.png
[ok] SS22-49889^2022_08_09_08_33_37^^.jpg | 1 box | u=405898px (8.1% ảnh) -> eval_masks_550/SS22-49889^2022_08_09_08_33_37^^.png
[ok] SS22-49889^2022_08_09_08_33_45^^.jpg | 1 box | u=16296px (0.3% ảnh) -> eval_masks_550/SS22-49889^2022_08_09_08_33_45^^.png
[ok] SS22-49889^2022_08_09_11_03_56^^.jpg | 1 box | u=107561px (2.2% ảnh) -> eval_masks_550/SS22-49889^2022_08_09_11_03_56^^.png
[ok] SS22-49889^2022_08_09_11_04_58^^.jpg | 1 box | u=18131px (0.4% ảnh) -> eval_masks_550/SS22-49889^2022_08_09_11_04_58^^.png
[ok] SS22-50046^2022_08_09_10_49_54^^.jpg | 1 box | u=157972px (3.2% ảnh) -> eval_masks_550/SS22-50046^2022_08_09_10_49_54^^.png
[ok] SS22-50046^2022_08_10_08_29_32^^.jpg | 1 box | u=159018px (3.2% ảnh) -> eval_masks_550/SS22-50046^2022_08_10_08_29_32^^.png
[ok] SS22-50235^2022_08_09_13_27_58^^.jpg | 1 box | u=63005px (1.3% ảnh) -> eval_masks_550/SS22-50235^2022_08_09_13_27_58^^.png
[ok] SS22-50718^2022_08_12_08_22_00^^.jpg | 1 box | u=122720px (2.5% ảnh) -> eval_masks_550/SS22-50718^2022_08_12_08_22_00^^.png
[ok] SS22-50718^2022_08_12_11_39_08^^.jpg | 1 box | u=123877px (2.5% ảnh) -> eval_masks_550/SS22-50718^2022_08_12_11_39_08^^.png
[ok] SS22-50734^2022_08_11_10_40_26^^.jpg | 1 box | u=155205px (3.1% ảnh) -> eval_masks_550/SS22-50734^2022_08_11_10_40_26^^.png
[ok] SS22-51182^2022_08_12_14_25_34^^.jpg | 1 box | u=360618px (7.2% ảnh) -> eval_masks_550/SS22-51182^2022_08_12_14_25_34^^.png
[ok] SS22-51649^2022_08_17_09_11_20^^.jpg | 1 box | u=54698px (1.1% ảnh) -> eval_masks_550/SS22-51649^2022_08_17_09_11_20^^.png
[ok] SS22-52149^2022_08_18_11_01_58^^.jpg | 1 box | u=551188px (11.0% ảnh) -> eval_masks_550/SS22-52149^2022_08_18_11_01_58^^.png
[ok] SS22-52234^2022_08_19_08_56_37^^.jpg | 1 box | u=528480px (10.6% ảnh) -> eval_masks_550/SS22-52234^2022_08_19_08_56_37^^.png
[ok] SS22-53207^2022_08_24_10_27_22^^.jpg | 1 box | u=49097px (1.0% ảnh) -> eval_masks_550/SS22-53207^2022_08_24_10_27_22^^.png
[ok] SS22-53243^2022_08_23_11_04_52^^.jpg | 1 box | u=536605px (10.8% ảnh) -> eval_masks_550/SS22-53243^2022_08_23_11_04_52^^.png
[ok] SS22-53303^2022_08_23_14_17_34^^.jpg | 1 box | u=118120px (2.4% ảnh) -> eval_masks_550/SS22-53303^2022_08_23_14_17_34^^.png
[ok] SS22-53303^2022_08_24_08_41_26^^.jpg | 1 box | u=1092247px (21.9% ảnh) -> eval_masks_550/SS22-53303^2022_08_24_08_41_26^^.png
[ok] SS22-53303^2022_08_24_09_32_15^^.jpg | 1 box | u=369303px (7.4% ảnh) -> eval_masks_550/SS22-53303^2022_08_24_09_32_15^^.png
[ok] SS22-53316^2022_08_24_09_02_32^^.jpg | 1 box | u=368663px (7.4% ảnh) -> eval_masks_550/SS22-53316^2022_08_24_09_02_32^^.png
[ok] SS22-53525^2022_08_24_13_14_09^^.jpg | 1 box | u=804147px (16.1% ảnh) -> eval_masks_550/SS22-53525^2022_08_24_13_14_09^^.png
[ok] SS22-54150^2022_08_26_10_58_17^^.jpg | 1 box | u=227067px (4.6% ảnh) -> eval_masks_550/SS22-54150^2022_08_26_10_58_17^^.png
[ok] SS22-54150^2022_08_26_11_16_45^^.jpg | 1 box | u=1300797px (26.1% ảnh) -> eval_masks_550/SS22-54150^2022_08_26_11_16_45^^.png
[ok] SS22-55042^2022_08_31_08_37_41^^.jpg | 1 box | u=238716px (4.8% ảnh) -> eval_masks_550/SS22-55042^2022_08_31_08_37_41^^.png
[ok] SS22-55293^2022_09_01_09_53_55^^.jpg | 1 box | u=921919px (18.5% ảnh) -> eval_masks_550/SS22-55293^2022_09_01_09_53_55^^.png
[ok] SS22-55293^2022_09_01_09_54_29^^.jpg | 1 box | u=633570px (12.7% ảnh) -> eval_masks_550/SS22-55293^2022_09_01_09_54_29^^.png
[ok] SS22-55293^2022_09_01_09_54_48^^.jpg | 1 box | u=629468px (12.6% ảnh) -> eval_masks_550/SS22-55293^2022_09_01_09_54_48^^.png
[ok] SS22-55713^2022_09_01_11_17_19^^.jpg | 1 box | u=218913px (4.4% ảnh) -> eval_masks_550/SS22-55713^2022_09_01_11_17_19^^.png
[ok] SS22-56679^2022_09_06_10_14_29^^.jpg | 1 box | u=76452px (1.5% ảnh) -> eval_masks_550/SS22-56679^2022_09_06_10_14_29^^.png
[ok] SS22-56679^2022_09_06_10_20_08^^.jpg | 1 box | u=166531px (3.3% ảnh) -> eval_masks_550/SS22-56679^2022_09_06_10_20_08^^.png
[ok] SS22-56679^2022_09_06_10_20_21^^.jpg | 1 box | u=228512px (4.6% ảnh) -> eval_masks_550/SS22-56679^2022_09_06_10_20_21^^.png
[ok] SS22-56679^2022_09_06_10_20_27^^.jpg | 1 box | u=29596px (0.6% ảnh) -> eval_masks_550/SS22-56679^2022_09_06_10_20_27^^.png
[ok] SS22-56682^2022_09_06_10_03_10^^.jpg | 1 box | u=99288px (2.0% ảnh) -> eval_masks_550/SS22-56682^2022_09_06_10_03_10^^.png
[ok] SS22-56685^2022_09_06_10_30_21^^.jpg | 1 box | u=555350px (11.1% ảnh) -> eval_masks_550/SS22-56685^2022_09_06_10_30_21^^.png
[ok] SS22-56695^2022_09_06_13_15_07^^.jpg | 1 box | u=359041px (7.2% ảnh) -> eval_masks_550/SS22-56695^2022_09_06_13_15_07^^.png
[ok] SS22-56700^2022_09_06_11_07_09^^.jpg | 1 box | u=68809px (1.4% ảnh) -> eval_masks_550/SS22-56700^2022_09_06_11_07_09^^.png
[ok] SS22-56788^2022_09_06_14_14_58^^.jpg | 1 box | u=110521px (2.2% ảnh) -> eval_masks_550/SS22-56788^2022_09_06_14_14_58^^.png
[ok] SS22-56794^2022_09_07_08_34_30^^.jpg | 1 box | u=153716px (3.1% ảnh) -> eval_masks_550/SS22-56794^2022_09_07_08_34_30^^.png
[ok] SS22-56794^2022_09_07_09_33_39^^.jpg | 1 box | u=512125px (10.3% ảnh) -> eval_masks_550/SS22-56794^2022_09_07_09_33_39^^.png
[ok] SS22-56794^2022_09_07_09_33_44^^.jpg | 1 box | u=98845px (2.0% ảnh) -> eval_masks_550/SS22-56794^2022_09_07_09_33_44^^.png
[ok] SS22-56864^2022_09_07_11_16_03^^.jpg | 1 box | u=160486px (3.2% ảnh) -> eval_masks_550/SS22-56864^2022_09_07_11_16_03^^.png
[ok] SS22-57047^2022_09_07_09_52_06^^.jpg | 1 box | u=718758px (14.4% ảnh) -> eval_masks_550/SS22-57047^2022_09_07_09_52_06^^.png
[ok] SS22-57515^2022_09_13_10_13_32^^.jpg | 1 box | u=504492px (10.1% ảnh) -> eval_masks_550/SS22-57515^2022_09_13_10_13_32^^.png
[ok] SS22-58222^2022_09_14_11_07_27^^.jpg | 1 box | u=75318px (1.5% ảnh) -> eval_masks_550/SS22-58222^2022_09_14_11_07_27^^.png
[ok] SS22-59668^2022_09_20_10_26_38^^.jpg | 1 box | u=99120px (2.0% ảnh) -> eval_masks_550/SS22-59668^2022_09_20_10_26_38^^.png
[ok] SS22-60457^2022_09_23_09_04_21^^.jpg | 1 box | u=134907px (2.7% ảnh) -> eval_masks_550/SS22-60457^2022_09_23_09_04_21^^.png
[ok] SS22-60607^2022_09_23_10_24_35^^.jpg | 1 box | u=39587px (0.8% ảnh) -> eval_masks_550/SS22-60607^2022_09_23_10_24_35^^.png
[ok] SS22-60607^2022_09_26_08_38_25^^.jpg | 1 box | u=71773px (1.4% ảnh) -> eval_masks_550/SS22-60607^2022_09_26_08_38_25^^.png
[ok] SS22-61157^2022_09_27_08_58_46^^.jpg | 1 box | u=216280px (4.3% ảnh) -> eval_masks_550/SS22-61157^2022_09_27_08_58_46^^.png
[ok] SS22-61345^2022_09_27_10_46_16^^.jpg | 1 box | u=67526px (1.4% ảnh) -> eval_masks_550/SS22-61345^2022_09_27_10_46_16^^.png
[ok] SS22-61345^2022_09_27_10_48_59^^.jpg | 1 box | u=573046px (11.5% ảnh) -> eval_masks_550/SS22-61345^2022_09_27_10_48_59^^.png
[ok] SS22-61802^2022_09_29_09_31_23^^.jpg | 1 box | u=208410px (4.2% ảnh) -> eval_masks_550/SS22-61802^2022_09_29_09_31_23^^.png
[ok] SS22-62040^2022_09_29_09_18_21^^.jpg | 1 box | u=213405px (4.3% ảnh) -> eval_masks_550/SS22-62040^2022_09_29_09_18_21^^.png
[ok] SS22-64386^2022_10_12_09_37_32^^.jpg | 1 box | u=733088px (14.7% ảnh) -> eval_masks_550/SS22-64386^2022_10_12_09_37_32^^.png
[ok] SS22-65598^2022_10_17_15_03_43^^.jpg | 1 box | u=459488px (9.2% ảnh) -> eval_masks_550/SS22-65598^2022_10_17_15_03_43^^.png
[ok] SS22-65598^2022_10_17_15_04_04^^.jpg | 1 box | u=106110px (2.1% ảnh) -> eval_masks_550/SS22-65598^2022_10_17_15_04_04^^.png
[ok] SS23-00174^2023_01_03_09_10_19^^.jpg | 1 box | u=706090px (14.1% ảnh) -> eval_masks_550/SS23-00174^2023_01_03_09_10_19^^.png
[ok] SS23-00396^2023_01_03_14_12_15^^.jpg | 1 box | u=84071px (1.7% ảnh) -> eval_masks_550/SS23-00396^2023_01_03_14_12_15^^.png
[ok] SS23-00396^2023_01_04_09_35_01^^.jpg | 1 box | u=983390px (19.7% ảnh) -> eval_masks_550/SS23-00396^2023_01_04_09_35_01^^.png
[ok] SS23-01084^2023_01_06_08_44_05^^.jpg | 1 box | u=172534px (3.5% ảnh) -> eval_masks_550/SS23-01084^2023_01_06_08_44_05^^.png
[ok] SS23-01367^2023_01_09_09_39_57^^.jpg | 1 box | u=817458px (16.4% ảnh) -> eval_masks_550/SS23-01367^2023_01_09_09_39_57^^.png
[ok] SS23-02064^2023_01_10_11_43_33^^.jpg | 1 box | u=280987px (5.6% ảnh) -> eval_masks_550/SS23-02064^2023_01_10_11_43_33^^.png
[ok] SS23-02171^2023_01_10_14_41_25^^.jpg | 1 box | u=718164px (14.4% ảnh) -> eval_masks_550/SS23-02171^2023_01_10_14_41_25^^.png
[ok] SS23-02171^2023_01_10_14_41_43^^.jpg | 1 box | u=146700px (2.9% ảnh) -> eval_masks_550/SS23-02171^2023_01_10_14_41_43^^.png
[ok] SS23-02552^2023_01_11_13_57_54^^.jpg | 1 box | u=537509px (10.8% ảnh) -> eval_masks_550/SS23-02552^2023_01_11_13_57_54^^.png
[ok] SS23-03398^2023_01_16_11_27_27^^.jpg | 1 box | u=241221px (4.8% ảnh) -> eval_masks_550/SS23-03398^2023_01_16_11_27_27^^.png
[ok] SS23-03398^2023_01_17_08_25_33^^.jpg | 1 box | u=337861px (6.8% ảnh) -> eval_masks_550/SS23-03398^2023_01_17_08_25_33^^.png
[ok] SS23-03398^2023_01_17_11_05_15^^.jpg | 1 box | u=615278px (12.3% ảnh) -> eval_masks_550/SS23-03398^2023_01_17_11_05_15^^.png
[ok] SS23-03398^2023_01_17_11_05_15^^^copy.jpg | 1 box | u=772254px (15.5% ảnh) -> eval_masks_550/SS23-03398^2023_01_17_11_05_15^^^copy.png
[ok] SS23-04402^2023_01_18_14_39_20^^.jpg | 1 box | u=175475px (3.5% ảnh) -> eval_masks_550/SS23-04402^2023_01_18_14_39_20^^.png
[ok] SS23-04472^2023_01_20_10_22_11^^.jpg | 1 box | u=318929px (6.4% ảnh) -> eval_masks_550/SS23-04472^2023_01_20_10_22_11^^.png
[ok] SS23-04505^2023_01_19_10_29_57^^.jpg | 1 box | u=632787px (12.7% ảnh) -> eval_masks_550/SS23-04505^2023_01_19_10_29_57^^.png
[ok] SS23-04567^2023_01_19_11_23_50^^.jpg | 1 box | u=167638px (3.4% ảnh) -> eval_masks_550/SS23-04567^2023_01_19_11_23_50^^.png
[ok] SS23-05544^2023_01_27_08_57_38^^.jpg | 1 box | u=627739px (12.6% ảnh) -> eval_masks_550/SS23-05544^2023_01_27_08_57_38^^.png
[ok] SS23-06424^2023_01_30_14_26_56^^.jpg | 1 box | u=494777px (9.9% ảnh) -> eval_masks_550/SS23-06424^2023_01_30_14_26_56^^.png
[ok] SS23-06516^2023_01_31_14_12_50^^.jpg | 1 box | u=75474px (1.5% ảnh) -> eval_masks_550/SS23-06516^2023_01_31_14_12_50^^.png
[ok] SS23-06730^2023_02_01_09_28_33^^.jpg | 1 box | u=286243px (5.7% ảnh) -> eval_masks_550/SS23-06730^2023_02_01_09_28_33^^.png
[ok] SS23-07074^2023_02_02_10_42_36^^.jpg | 1 box | u=75268px (1.5% ảnh) -> eval_masks_550/SS23-07074^2023_02_02_10_42_36^^.png
[ok] SS23-07074^2023_02_02_10_46_01^^.jpg | 1 box | u=37049px (0.7% ảnh) -> eval_masks_550/SS23-07074^2023_02_02_10_46_01^^.png
[ok] SS23-07199^2023_02_02_10_54_11^^.jpg | 1 box | u=1016331px (20.4% ảnh) -> eval_masks_550/SS23-07199^2023_02_02_10_54_11^^.png
[ok] SS23-07425^2023_02_02_15_47_14^^.jpg | 1 box | u=222582px (4.5% ảnh) -> eval_masks_550/SS23-07425^2023_02_02_15_47_14^^.png
[ok] SS23-07781^2023_02_03_12_47_27^^.jpg | 1 box | u=71239px (1.4% ảnh) -> eval_masks_550/SS23-07781^2023_02_03_12_47_27^^.png
[ok] SS23-07781^2023_02_03_13_06_21^^.jpg | 1 box | u=1059652px (21.2% ảnh) -> eval_masks_550/SS23-07781^2023_02_03_13_06_21^^.png
[ok] SS23-08467^2023_02_08_08_26_57^^.jpg | 1 box | u=1859981px (37.3% ảnh) -> eval_masks_550/SS23-08467^2023_02_08_08_26_57^^.png
[ok] SS23-09124^2023_02_09_08_52_02^^.jpg | 1 box | u=166960px (3.3% ảnh) -> eval_masks_550/SS23-09124^2023_02_09_08_52_02^^.png
[ok] SS23-09606^2023_02_10_10_58_15^^.jpg | 1 box | u=571568px (11.5% ảnh) -> eval_masks_550/SS23-09606^2023_02_10_10_58_15^^.png
[ok] SS23-09606^2023_02_13_08_39_34^^.jpg | 1 box | u=31561px (0.6% ảnh) -> eval_masks_550/SS23-09606^2023_02_13_08_39_34^^.png
[ok] SS23-09606^2023_02_13_08_39_41^^.jpg | 1 box | u=51327px (1.0% ảnh) -> eval_masks_550/SS23-09606^2023_02_13_08_39_41^^.png
[ok] SS23-09606^2023_02_13_14_32_38^^.jpg | 1 box | u=632311px (12.7% ảnh) -> eval_masks_550/SS23-09606^2023_02_13_14_32_38^^.png
[ok] SS23-10014^2023_02_13_11_26_10^^.jpg | 1 box | u=202088px (4.0% ảnh) -> eval_masks_550/SS23-10014^2023_02_13_11_26_10^^.png
[ok] SS23-10133^2023_02_14_10_07_01^^.jpg | 1 box | u=605646px (12.1% ảnh) -> eval_masks_550/SS23-10133^2023_02_14_10_07_01^^.png
[ok] SS23-10133^2023_02_15_08_50_44^^.jpg | 1 box | u=507879px (10.2% ảnh) -> eval_masks_550/SS23-10133^2023_02_15_08_50_44^^.png
[ok] SS23-10330^2023_02_14_11_19_46^^.jpg | 1 box | u=156796px (3.1% ảnh) -> eval_masks_550/SS23-10330^2023_02_14_11_19_46^^.png
[ok] SS23-10330^2023_02_15_08_25_13^^.jpg | 1 box | u=121449px (2.4% ảnh) -> eval_masks_550/SS23-10330^2023_02_15_08_25_13^^.png
[ok] SS23-10330^2023_02_15_09_34_01^^.jpg | 1 box | u=384155px (7.7% ảnh) -> eval_masks_550/SS23-10330^2023_02_15_09_34_01^^.png
[ok] SS23-10441^2023_02_14_14_37_01^^.jpg | 1 box | u=64744px (1.3% ảnh) -> eval_masks_550/SS23-10441^2023_02_14_14_37_01^^.png
[ok] SS23-10460^2023_02_14_14_37_38^^.jpg | 1 box | u=662863px (13.3% ảnh) -> eval_masks_550/SS23-10460^2023_02_14_14_37_38^^.png
[ok] SS23-10460^2023_02_15_08_29_43^^.jpg | 1 box | u=2310907px (46.3% ảnh) -> eval_masks_550/SS23-10460^2023_02_15_08_29_43^^.png
[ok] SS23-10460^2023_02_15_09_02_36^^.jpg | 1 box | u=79446px (1.6% ảnh) -> eval_masks_550/SS23-10460^2023_02_15_09_02_36^^.png
[ok] SS23-10657^2023_02_15_10_11_18^^.jpg | 1 box | u=396766px (8.0% ảnh) -> eval_masks_550/SS23-10657^2023_02_15_10_11_18^^.png
[ok] SS23-10985^2023_02_16_09_46_50^^.jpg | 1 box | u=292859px (5.9% ảnh) -> eval_masks_550/SS23-10985^2023_02_16_09_46_50^^.png
[ok] SS23-11074^2023_02_16_09_44_45^^.jpg | 1 box | u=103698px (2.1% ảnh) -> eval_masks_550/SS23-11074^2023_02_16_09_44_45^^.png
[ok] SS23-11831^2023_02_20_10_52_58^^.jpg | 1 box | u=731601px (14.7% ảnh) -> eval_masks_550/SS23-11831^2023_02_20_10_52_58^^.png
[ok] SS23-11831^2023_02_21_08_27_45^^.jpg | 1 box | u=520676px (10.4% ảnh) -> eval_masks_550/SS23-11831^2023_02_21_08_27_45^^.png
[ok] SS23-11903^2023_02_20_13_28_09^^.jpg | 1 box | u=13336px (0.3% ảnh) -> eval_masks_550/SS23-11903^2023_02_20_13_28_09^^.png
[ok] SS23-11903^2023_02_20_13_30_19^^.jpg | 1 box | u=163939px (3.3% ảnh) -> eval_masks_550/SS23-11903^2023_02_20_13_30_19^^.png
[ok] SS23-12031^2023_02_21_09_30_37^^.jpg | 1 box | u=44524px (0.9% ảnh) -> eval_masks_550/SS23-12031^2023_02_21_09_30_37^^.png
[ok] SS23-12521^2023_02_23_09_09_11^^.jpg | 1 box | u=233759px (4.7% ảnh) -> eval_masks_550/SS23-12521^2023_02_23_09_09_11^^.png
[ok] SS23-12955^2023_02_23_10_55_24^^.jpg | 1 box | u=132123px (2.6% ảnh) -> eval_masks_550/SS23-12955^2023_02_23_10_55_24^^.png
[ok] SS23-12955^2023_02_23_10_55_39^^.jpg | 1 box | u=106192px (2.1% ảnh) -> eval_masks_550/SS23-12955^2023_02_23_10_55_39^^.png
[ok] SS23-13045^2023_02_23_14_12_06^^.jpg | 1 box | u=644468px (12.9% ảnh) -> eval_masks_550/SS23-13045^2023_02_23_14_12_06^^.png
[ok] SS23-13736^2023_02_27_13_36_08^^.jpg | 1 box | u=158584px (3.2% ảnh) -> eval_masks_550/SS23-13736^2023_02_27_13_36_08^^.png
[ok] SS23-13877^2023_02_28_08_50_24^^.jpg | 1 box | u=217287px (4.4% ảnh) -> eval_masks_550/SS23-13877^2023_02_28_08_50_24^^.png
[ok] SS23-14360^2023_03_03_08_41_58^^.jpg | 1 box | u=367574px (7.4% ảnh) -> eval_masks_550/SS23-14360^2023_03_03_08_41_58^^.png
[ok] SS23-14360^2023_03_03_08_42_06^^.jpg | 1 box | u=47532px (1.0% ảnh) -> eval_masks_550/SS23-14360^2023_03_03_08_42_06^^.png
[ok] SS23-14951^2023_03_07_15_22_52^^.jpg | 1 box | u=378705px (7.6% ảnh) -> eval_masks_550/SS23-14951^2023_03_07_15_22_52^^.png
[ok] SS23-15298^2023_03_08_10_36_05^^.jpg | 1 box | u=214463px (4.3% ảnh) -> eval_masks_550/SS23-15298^2023_03_08_10_36_05^^.png
[ok] SS23-15491^2023_03_08_16_34_28^^.jpg | 1 box | u=418777px (8.4% ảnh) -> eval_masks_550/SS23-15491^2023_03_08_16_34_28^^.png
[ok] SS23-16825^2023_03_14_13_29_45^^.jpg | 1 box | u=186358px (3.7% ảnh) -> eval_masks_550/SS23-16825^2023_03_14_13_29_45^^.png
[ok] SS23-17887^2023_03_20_14_52_19^^.jpg | 1 box | u=161574px (3.2% ảnh) -> eval_masks_550/SS23-17887^2023_03_20_14_52_19^^.png
[ok] SS23-18027^2023_03_20_10_59_20^^.jpg | 1 box | u=767738px (15.4% ảnh) -> eval_masks_550/SS23-18027^2023_03_20_10_59_20^^.png
[ok] SS23-18073^2023_03_21_10_13_45^^.jpg | 1 box | u=61349px (1.2% ảnh) -> eval_masks_550/SS23-18073^2023_03_21_10_13_45^^.png
[ok] SS23-18116^2023_03_21_14_05_47^^.jpg | 1 box | u=1614483px (32.4% ảnh) -> eval_masks_550/SS23-18116^2023_03_21_14_05_47^^.png
[ok] SS23-18116^2023_03_22_08_37_43^^.jpg | 1 box | u=1217360px (24.4% ảnh) -> eval_masks_550/SS23-18116^2023_03_22_08_37_43^^.png
[ok] SS23-18116^2023_03_22_11_11_37^^.jpg | 1 box | u=1246907px (25.0% ảnh) -> eval_masks_550/SS23-18116^2023_03_22_11_11_37^^.png
[ok] SS23-18331^2023_03_22_08_47_30^^.jpg | 1 box | u=720187px (14.4% ảnh) -> eval_masks_550/SS23-18331^2023_03_22_08_47_30^^.png
[ok] SS23-18920^2023_03_23_08_51_08^^.jpg | 1 box | u=660566px (13.2% ảnh) -> eval_masks_550/SS23-18920^2023_03_23_08_51_08^^.png
[ok] SS23-19039^2023_03_23_10_22_41^^.jpg | 1 box | u=111672px (2.2% ảnh) -> eval_masks_550/SS23-19039^2023_03_23_10_22_41^^.png
[ok] SS23-19048^2023_03_23_14_06_24^^.jpg | 1 box | u=45604px (0.9% ảnh) -> eval_masks_550/SS23-19048^2023_03_23_14_06_24^^.png
[ok] SS23-19048^2023_03_24_13_42_23^^.jpg | 1 box | u=1374524px (27.5% ảnh) -> eval_masks_550/SS23-19048^2023_03_24_13_42_23^^.png
[ok] SS23-19048^2023_03_24_14_26_01^^.jpg | 1 box | u=699415px (14.0% ảnh) -> eval_masks_550/SS23-19048^2023_03_24_14_26_01^^.png
[ok] SS23-19057^2023_03_23_10_27_24^^.jpg | 1 box | u=58901px (1.2% ảnh) -> eval_masks_550/SS23-19057^2023_03_23_10_27_24^^.png
[ok] SS23-19128^2023_03_23_18_18_24^^.jpg | 1 box | u=678665px (13.6% ảnh) -> eval_masks_550/SS23-19128^2023_03_23_18_18_24^^.png
[ok] SS23-19381^2023_03_24_10_46_53^^.jpg | 1 box | u=347188px (7.0% ảnh) -> eval_masks_550/SS23-19381^2023_03_24_10_46_53^^.png
[ok] SS23-19773^2023_03_28_08_31_24^^.jpg | 1 box | u=334766px (6.7% ảnh) -> eval_masks_550/SS23-19773^2023_03_28_08_31_24^^.png
[ok] SS23-20035^2023_03_28_14_17_32^^.jpg | 1 box | u=635883px (12.7% ảnh) -> eval_masks_550/SS23-20035^2023_03_28_14_17_32^^.png
[ok] SS23-20105^2023_03_28_13_51_48^^.jpg | 1 box | u=50517px (1.0% ảnh) -> eval_masks_550/SS23-20105^2023_03_28_13_51_48^^.png
[ok] SS23-20105^2023_03_29_08_27_29^^.jpg | 1 box | u=127668px (2.6% ảnh) -> eval_masks_550/SS23-20105^2023_03_29_08_27_29^^.png
[ok] SS23-21082^2023_03_31_13_56_17^^.jpg | 1 box | u=25791px (0.5% ảnh) -> eval_masks_550/SS23-21082^2023_03_31_13_56_17^^.png
[ok] SS23-21082^2023_04_03_08_30_08^^.jpg | 1 box | u=78080px (1.6% ảnh) -> eval_masks_550/SS23-21082^2023_04_03_08_30_08^^.png
[ok] SS23-21082^2023_04_03_09_04_00^^.jpg | 1 box | u=241278px (4.8% ảnh) -> eval_masks_550/SS23-21082^2023_04_03_09_04_00^^.png
[ok] SS23-21408^2023_04_03_13_34_30^^.jpg | 1 box | u=171657px (3.4% ảnh) -> eval_masks_550/SS23-21408^2023_04_03_13_34_30^^.png
[ok] SS23-21408^2023_04_03_13_45_18^^.jpg | 1 box | u=62319px (1.2% ảnh) -> eval_masks_550/SS23-21408^2023_04_03_13_45_18^^.png
[ok] SS23-21685^2023_04_04_10_25_03^^.jpg | 1 box | u=1222503px (24.5% ảnh) -> eval_masks_550/SS23-21685^2023_04_04_10_25_03^^.png
[ok] SS23-21733^2023_04_04_11_12_14^^.jpg | 1 box | u=228887px (4.6% ảnh) -> eval_masks_550/SS23-21733^2023_04_04_11_12_14^^.png
[ok] SS23-21954^2023_04_05_09_38_42^^.jpg | 1 box | u=178899px (3.6% ảnh) -> eval_masks_550/SS23-21954^2023_04_05_09_38_42^^.png
[ok] SS23-22616^2023-04-07_10-16-16.jpg | 1 box | u=39275px (0.8% ảnh) -> eval_masks_550/SS23-22616^2023-04-07_10-16-16.png
[ok] SS23-22616^2023_04_10_08_35_15^^.jpg | 1 box | u=16081px (0.3% ảnh) -> eval_masks_550/SS23-22616^2023_04_10_08_35_15^^.png
[ok] SS23-23148^2023_04_10_14_14_06^^.jpg | 1 box | u=80205px (1.6% ảnh) -> eval_masks_550/SS23-23148^2023_04_10_14_14_06^^.png
[ok] SS23-23412^2023_04_11_09_56_05^^.jpg | 1 box | u=360248px (7.2% ảnh) -> eval_masks_550/SS23-23412^2023_04_11_09_56_05^^.png
[ok] SS23-23492^2023_04_11_17_01_01^^.jpg | 1 box | u=29444px (0.6% ảnh) -> eval_masks_550/SS23-23492^2023_04_11_17_01_01^^.png
[ok] SS23-23492^2023_04_12_13_37_06^^.jpg | 1 box | u=1142105px (22.9% ảnh) -> eval_masks_550/SS23-23492^2023_04_12_13_37_06^^.png
[ok] SS23-25087^2023_04_18_15_21_33^^.jpg | 1 box | u=1348274px (27.0% ảnh) -> eval_masks_550/SS23-25087^2023_04_18_15_21_33^^.png
[ok] SS23-25156^2023_04_18_13_35_41^^.jpg | 1 box | u=41205px (0.8% ảnh) -> eval_masks_550/SS23-25156^2023_04_18_13_35_41^^.png
[ok] SS23-25156^2023_04_18_13_53_57^^.jpg | 1 box | u=15010px (0.3% ảnh) -> eval_masks_550/SS23-25156^2023_04_18_13_53_57^^.png
[ok] SS23-25419^2023_04_19_08_42_02^^.jpg | 1 box | u=134919px (2.7% ảnh) -> eval_masks_550/SS23-25419^2023_04_19_08_42_02^^.png
[ok] SS23-25752^2023_04_20_10_13_01^^.jpg | 1 box | u=635056px (12.7% ảnh) -> eval_masks_550/SS23-25752^2023_04_20_10_13_01^^.png
[ok] SS23-25902^2023_04_21_10_02_48^^.jpg | 1 box | u=56410px (1.1% ảnh) -> eval_masks_550/SS23-25902^2023_04_21_10_02_48^^.png
[ok] SS23-25902^2023_04_21_10_02_59^^.jpg | 1 box | u=156680px (3.1% ảnh) -> eval_masks_550/SS23-25902^2023_04_21_10_02_59^^.png
[ok] SS23-26437^2023_04_24_14_06_17^^.jpg | 1 box | u=25980px (0.5% ảnh) -> eval_masks_550/SS23-26437^2023_04_24_14_06_17^^.png
[ok] SS23-26437^2023_04_24_15_52_08^^.jpg | 1 box | u=20222px (0.4% ảnh) -> eval_masks_550/SS23-26437^2023_04_24_15_52_08^^.png
[ok] SS23-26437^2023_04_25_08_29_46^^.jpg | 1 box | u=12413px (0.2% ảnh) -> eval_masks_550/SS23-26437^2023_04_25_08_29_46^^.png
[ok] SS23-26437^2023_04_25_08_47_09^^.jpg | 1 box | u=120425px (2.4% ảnh) -> eval_masks_550/SS23-26437^2023_04_25_08_47_09^^.png
[ok] SS23-26700^2023_04_25_10_59_58^^.jpg | 1 box | u=1589542px (31.9% ảnh) -> eval_masks_550/SS23-26700^2023_04_25_10_59_58^^.png
[ok] SS23-26700^2023_04_25_11_00_15^^.jpg | 1 box | u=1419232px (28.4% ảnh) -> eval_masks_550/SS23-26700^2023_04_25_11_00_15^^.png
[ok] SS23-26700^2023_04_26_08_22_17^^.jpg | 1 box | u=1119664px (22.4% ảnh) -> eval_masks_550/SS23-26700^2023_04_26_08_22_17^^.png
[ok] SS23-26700^2023_04_26_08_22_38^^.jpg | 1 box | u=1172655px (23.5% ảnh) -> eval_masks_550/SS23-26700^2023_04_26_08_22_38^^.png
[ok] SS23-26714^2023_04_25_09_11_02^^.jpg | 1 box | u=57961px (1.2% ảnh) -> eval_masks_550/SS23-26714^2023_04_25_09_11_02^^.png
[ok] SS23-26714^2023_04_26_08_30_14^^.jpg | 1 box | u=1125091px (22.5% ảnh) -> eval_masks_550/SS23-26714^2023_04_26_08_30_14^^.png
[ok] SS23-26714^2023_04_26_08_40_49^^.jpg | 1 box | u=212079px (4.2% ảnh) -> eval_masks_550/SS23-26714^2023_04_26_08_40_49^^.png
[ok] SS23-26796^2023_04_26_08_26_35^^.jpg | 1 box | u=295165px (5.9% ảnh) -> eval_masks_550/SS23-26796^2023_04_26_08_26_35^^.png
[ok] SS23-27177^2023_04_27_10_39_26^^.jpg | 1 box | u=252789px (5.1% ảnh) -> eval_masks_550/SS23-27177^2023_04_27_10_39_26^^.png
[ok] SS23-27460^2023_04_28_10_03_29^^.jpg | 1 box | u=827428px (16.6% ảnh) -> eval_masks_550/SS23-27460^2023_04_28_10_03_29^^.png
[ok] SS23-28298^2023_05_03_11_26_53^^.jpg | 1 box | u=217405px (4.4% ảnh) -> eval_masks_550/SS23-28298^2023_05_03_11_26_53^^.png
[ok] SS23-28637^2023_05_04_09_56_18^^.jpg | 1 box | u=237388px (4.8% ảnh) -> eval_masks_550/SS23-28637^2023_05_04_09_56_18^^.png
[ok] SS23-29381^2023_05_09_09_06_36^^.jpg | 1 box | u=160773px (3.2% ảnh) -> eval_masks_550/SS23-29381^2023_05_09_09_06_36^^.png
[ok] SS23-29459^2023_05_10_12_21_44^^.jpg | 1 box | u=303070px (6.1% ảnh) -> eval_masks_550/SS23-29459^2023_05_10_12_21_44^^.png
[ok] SS23-29824^2023_05_10_13_34_34^^.jpg | 1 box | u=219995px (4.4% ảnh) -> eval_masks_550/SS23-29824^2023_05_10_13_34_34^^.png
[ok] SS23-29991^2023_05_11_08_44_43^^.jpg | 1 box | u=765470px (15.3% ảnh) -> eval_masks_550/SS23-29991^2023_05_11_08_44_43^^.png
[ok] SS23-29994^2023_05_11_09_04_58^^.jpg | 1 box | u=241126px (4.8% ảnh) -> eval_masks_550/SS23-29994^2023_05_11_09_04_58^^.png
[ok] SS23-30176^2023_05_11_11_01_09^^.jpg | 1 box | u=177266px (3.6% ảnh) -> eval_masks_550/SS23-30176^2023_05_11_11_01_09^^.png
[ok] SS23-31214^2023_05_16_15_28_05^^.jpg | 1 box | u=834569px (16.7% ảnh) -> eval_masks_550/SS23-31214^2023_05_16_15_28_05^^.png
[ok] SS23-31214^2023_05_17_08_21_23^^.jpg | 1 box | u=775561px (15.5% ảnh) -> eval_masks_550/SS23-31214^2023_05_17_08_21_23^^.png
[ok] SS23-31214^2023_05_17_08_32_38^^^copy.jpg | 1 box | u=1032692px (20.7% ảnh) -> eval_masks_550/SS23-31214^2023_05_17_08_32_38^^^copy.png
[ok] SS23-31582^2023_05_17_13_23_31^^.jpg | 1 box | u=374027px (7.5% ảnh) -> eval_masks_550/SS23-31582^2023_05_17_13_23_31^^.png
[ok] SS23-31586^2023_05_17_13_50_45^^.jpg | 1 box | u=718121px (14.4% ảnh) -> eval_masks_550/SS23-31586^2023_05_17_13_50_45^^.png
[ok] SS23-31613^2023_05_17_14_25_21^^.jpg | 1 box | u=259296px (5.2% ảnh) -> eval_masks_550/SS23-31613^2023_05_17_14_25_21^^.png
[ok] SS23-31616^2023_05_17_14_02_44^^.jpg | 1 box | u=78423px (1.6% ảnh) -> eval_masks_550/SS23-31616^2023_05_17_14_02_44^^.png
[ok] SS23-31867^2023_05_18_11_13_18^^.jpg | 1 box | u=236318px (4.7% ảnh) -> eval_masks_550/SS23-31867^2023_05_18_11_13_18^^.png
[ok] SS23-32609^2023_05_22_11_10_41^^.jpg | 1 box | u=47810px (1.0% ảnh) -> eval_masks_550/SS23-32609^2023_05_22_11_10_41^^.png
[ok] SS23-32609^2023_05_22_16_58_59^^.jpg | 1 box | u=97433px (2.0% ảnh) -> eval_masks_550/SS23-32609^2023_05_22_16_58_59^^.png
[ok] SS23-32609^2023_05_23_08_36_09^^.jpg | 1 box | u=597546px (12.0% ảnh) -> eval_masks_550/SS23-32609^2023_05_23_08_36_09^^.png
[ok] SS23-32996^2023_05_24_09_56_41^^.jpg | 1 box | u=260572px (5.2% ảnh) -> eval_masks_550/SS23-32996^2023_05_24_09_56_41^^.png
[ok] SS23-33273^2023_05_25_14_43_41^^.jpg | 1 box | u=852670px (17.1% ảnh) -> eval_masks_550/SS23-33273^2023_05_25_14_43_41^^.png
[ok] SS23-33273^2023_05_25_14_43_46^^.jpg | 1 box | u=1936360px (38.8% ảnh) -> eval_masks_550/SS23-33273^2023_05_25_14_43_46^^.png
[ok] SS23-33273^2023_05_25_14_47_28^^.jpg | 1 box | u=1128899px (22.6% ảnh) -> eval_masks_550/SS23-33273^2023_05_25_14_47_28^^.png
[ok] SS23-33273^2023_05_25_14_47_30^^.jpg | 1 box | u=1210986px (24.3% ảnh) -> eval_masks_550/SS23-33273^2023_05_25_14_47_30^^.png
[ok] SS23-33498^2023_05_25_09_38_13^^.jpg | 1 box | u=1040616px (20.9% ảnh) -> eval_masks_550/SS23-33498^2023_05_25_09_38_13^^.png
[ok] SS23-33498^2023_05_25_09_47_34^^.jpg | 1 box | u=675358px (13.5% ảnh) -> eval_masks_550/SS23-33498^2023_05_25_09_47_34^^.png
[ok] SS23-33618^2023_05_25_09_20_04^^.jpg | 1 box | u=127400px (2.6% ảnh) -> eval_masks_550/SS23-33618^2023_05_25_09_20_04^^.png
[ok] SS23-33727^2023_05_25_15_55_21^^.jpg | 1 box | u=2099105px (42.1% ảnh) -> eval_masks_550/SS23-33727^2023_05_25_15_55_21^^.png
[ok] SS23-33727^2023_05_26_08_35_00^^.jpg | 1 box | u=2050073px (41.1% ảnh) -> eval_masks_550/SS23-33727^2023_05_26_08_35_00^^.png
[ok] SS23-33727^2023_05_26_12_03_45^^.jpg | 1 box | u=373183px (7.5% ảnh) -> eval_masks_550/SS23-33727^2023_05_26_12_03_45^^.png
[ok] SS23-34263^2023_05_30_10_30_16^^.jpg | 1 box | u=172640px (3.5% ảnh) -> eval_masks_550/SS23-34263^2023_05_30_10_30_16^^.png
[ok] SS23-35181^2023_06_01_11_12_31^^.jpg | 1 box | u=123897px (2.5% ảnh) -> eval_masks_550/SS23-35181^2023_06_01_11_12_31^^.png
[ok] SS23-35499^2023_06_02_15_46_44^^.jpg | 1 box | u=885140px (17.7% ảnh) -> eval_masks_550/SS23-35499^2023_06_02_15_46_44^^.png
[ok] SS23-35499^2023_06_02_15_46_52^^.jpg | 1 box | u=62817px (1.3% ảnh) -> eval_masks_550/SS23-35499^2023_06_02_15_46_52^^.png
[ok] SS23-35499^2023_06_02_15_56_27^^.jpg | 1 box | u=148403px (3.0% ảnh) -> eval_masks_550/SS23-35499^2023_06_02_15_56_27^^.png
[ok] SS23-35927^2023_06_05_14_07_51^^.jpg | 1 box | u=566295px (11.3% ảnh) -> eval_masks_550/SS23-35927^2023_06_05_14_07_51^^.png
[ok] SS23-36261^2023_06_08_10_51_33^^.jpg | 1 box | u=415858px (8.3% ảnh) -> eval_masks_550/SS23-36261^2023_06_08_10_51_33^^.png
[ok] SS23-39153^2023_06_19_14_42_55^^.jpg | 1 box | u=287506px (5.8% ảnh) -> eval_masks_550/SS23-39153^2023_06_19_14_42_55^^.png
[ok] SS23-39236^2023_06_20_08_37_12^^.jpg | 1 box | u=537118px (10.8% ảnh) -> eval_masks_550/SS23-39236^2023_06_20_08_37_12^^.png
[ok] SS23-39414^2023_06_20_09_56_25^^.jpg | 1 box | u=202952px (4.1% ảnh) -> eval_masks_550/SS23-39414^2023_06_20_09_56_25^^.png
[ok] SS23-40157^2023_06_22_08_39_01^^.jpg | 1 box | u=1521122px (30.5% ảnh) -> eval_masks_550/SS23-40157^2023_06_22_08_39_01^^.png
[ok] SS23-40699^2023_06_26_09_11_02^^.jpg | 1 box | u=25614px (0.5% ảnh) -> eval_masks_550/SS23-40699^2023_06_26_09_11_02^^.png
[ok] SS23-40894^2023_06_26_10_06_26^^.jpg | 1 box | u=477795px (9.6% ảnh) -> eval_masks_550/SS23-40894^2023_06_26_10_06_26^^.png
[ok] SS23-41560^2023_06_28_08_39_07^^.jpg | 1 box | u=22378px (0.4% ảnh) -> eval_masks_550/SS23-41560^2023_06_28_08_39_07^^.png
[ok] SS23-41668^2023_07_03_11_35_38^^^copy.jpg | 1 box | u=203361px (4.1% ảnh) -> eval_masks_550/SS23-41668^2023_07_03_11_35_38^^^copy.png
[ok] SS23-42017^2023_06_30_08_30_40^^.jpg | 1 box | u=1772781px (35.5% ảnh) -> eval_masks_550/SS23-42017^2023_06_30_08_30_40^^.png
[ok] SS23-42017^2023_06_30_08_30_45^^.jpg | 1 box | u=30370px (0.6% ảnh) -> eval_masks_550/SS23-42017^2023_06_30_08_30_45^^.png
[ok] SS23-42412^2023_06_30_10_03_21^^.jpg | 1 box | u=108063px (2.2% ảnh) -> eval_masks_550/SS23-42412^2023_06_30_10_03_21^^.png
[ok] SS23-42644^2023_07_03_10_03_16^^.jpg | 1 box | u=595155px (11.9% ảnh) -> eval_masks_550/SS23-42644^2023_07_03_10_03_16^^.png
[ok] SS23-42989^2023_07_04_10_05_50^^.jpg | 1 box | u=1359123px (27.2% ảnh) -> eval_masks_550/SS23-42989^2023_07_04_10_05_50^^.png
[ok] SS23-43051^2023_07_04_09_18_28^^.jpg | 1 box | u=1347294px (27.0% ảnh) -> eval_masks_550/SS23-43051^2023_07_04_09_18_28^^.png
[ok] SS23-43212^2023_07_04_14_06_26^^.jpg | 1 box | u=162792px (3.3% ảnh) -> eval_masks_550/SS23-43212^2023_07_04_14_06_26^^.png
[ok] SS23-43583^2023_07_05_11_22_39^^.jpg | 1 box | u=539193px (10.8% ảnh) -> eval_masks_550/SS23-43583^2023_07_05_11_22_39^^.png
[ok] SS23-43651^2023_07_06_08_53_52^^.jpg | 1 box | u=556033px (11.1% ảnh) -> eval_masks_550/SS23-43651^2023_07_06_08_53_52^^.png
[ok] SS23-45025^2023_07_11_15_29_53^^.jpg | 1 box | u=830409px (16.6% ảnh) -> eval_masks_550/SS23-45025^2023_07_11_15_29_53^^.png
[ok] SS23-45428^2023_07_12_11_38_15^^.jpg | 1 box | u=138534px (2.8% ảnh) -> eval_masks_550/SS23-45428^2023_07_12_11_38_15^^.png
[ok] SS23-45516^2023_07_12_13_22_41^^.jpg | 1 box | u=52535px (1.1% ảnh) -> eval_masks_550/SS23-45516^2023_07_12_13_22_41^^.png
[ok] SS23-45795^2023_07_13_09_00_03^^.jpg | 1 box | u=548498px (11.0% ảnh) -> eval_masks_550/SS23-45795^2023_07_13_09_00_03^^.png
[ok] SS23-45895^2023_07_13_15_38_32^^.jpg | 1 box | u=12252px (0.2% ảnh) -> eval_masks_550/SS23-45895^2023_07_13_15_38_32^^.png
[ok] SS23-47397^2023_07_19_14_23_49^^.jpg | 1 box | u=168822px (3.4% ảnh) -> eval_masks_550/SS23-47397^2023_07_19_14_23_49^^.png
[ok] SS23-47397^2023_07_19_14_23_49^^^copy.jpg | 1 box | u=138599px (2.8% ảnh) -> eval_masks_550/SS23-47397^2023_07_19_14_23_49^^^copy.png
[ok] SS23-48472^2023_07_24_13_24_48^^.jpg | 1 box | u=315108px (6.3% ảnh) -> eval_masks_550/SS23-48472^2023_07_24_13_24_48^^.png
[ok] SS23-48472^2023_07_24_13_24_59^^.jpg | 1 box | u=246942px (4.9% ảnh) -> eval_masks_550/SS23-48472^2023_07_24_13_24_59^^.png
[ok] SS23-48472^2023_07_24_13_29_36^^.jpg | 1 box | u=193616px (3.9% ảnh) -> eval_masks_550/SS23-48472^2023_07_24_13_29_36^^.png
[ok] SS23-49481^2023_07_27_11_51_58^^.jpg | 1 box | u=22247px (0.4% ảnh) -> eval_masks_550/SS23-49481^2023_07_27_11_51_58^^.png
[ok] SS23-49481^2023_07_27_11_51_58^^^copy.jpg | 1 box | u=22465px (0.5% ảnh) -> eval_masks_550/SS23-49481^2023_07_27_11_51_58^^^copy.png
[ok] SS23-49487^2023_07_27_09_23_13^password1!^.jpg | 1 box | u=165630px (3.3% ảnh) -> eval_masks_550/SS23-49487^2023_07_27_09_23_13^password1!^.png
[ok] SS23-49582^2023_07_27_13_43_50^^.jpg | 1 box | u=309434px (6.2% ảnh) -> eval_masks_550/SS23-49582^2023_07_27_13_43_50^^.png
[ok] SS23-49582^2023_07_28_08_01_49^^.jpg | 1 box | u=506953px (10.2% ảnh) -> eval_masks_550/SS23-49582^2023_07_28_08_01_49^^.png
[ok] SS23-49582^2023_07_28_09_14_37^^.jpg | 1 box | u=96765px (1.9% ảnh) -> eval_masks_550/SS23-49582^2023_07_28_09_14_37^^.png
[ok] SS23-50232^2023_07_31_13_46_48^^.jpg | 1 box | u=249187px (5.0% ảnh) -> eval_masks_550/SS23-50232^2023_07_31_13_46_48^^.png
[ok] SS23-50258^2023_07_31_14_08_31^^.jpg | 1 box | u=101227px (2.0% ảnh) -> eval_masks_550/SS23-50258^2023_07_31_14_08_31^^.png
[ok] SS23-50258^2023_07_31_14_14_44^^.jpg | 1 box | u=235086px (4.7% ảnh) -> eval_masks_550/SS23-50258^2023_07_31_14_14_44^^.png
[ok] SS23-52143^2023_08_08_08_52_06^^.jpg | 1 box | u=47960px (1.0% ảnh) -> eval_masks_550/SS23-52143^2023_08_08_08_52_06^^.png
[ok] SS23-52454^2023_08_08_13_48_26^^.jpg | 1 box | u=41381px (0.8% ảnh) -> eval_masks_550/SS23-52454^2023_08_08_13_48_26^^.png
[ok] SS23-52454^2023_08_08_13_55_12^^.jpg | 1 box | u=27206px (0.5% ảnh) -> eval_masks_550/SS23-52454^2023_08_08_13_55_12^^.png
[ok] SS23-52650^2023_08_09_09_47_21^^.jpg | 1 box | u=47079px (0.9% ảnh) -> eval_masks_550/SS23-52650^2023_08_09_09_47_21^^.png
[ok] SS23-52650^2023_08_10_12_53_43^^.jpg | 1 box | u=430595px (8.6% ảnh) -> eval_masks_550/SS23-52650^2023_08_10_12_53_43^^.png
[ok] SS23-52763^2023_08_09_08_43_22^^.jpg | 1 box | u=1956971px (39.2% ảnh) -> eval_masks_550/SS23-52763^2023_08_09_08_43_22^^.png
[ok] SS23-52763^2023_08_09_08_43_37^^.jpg | 1 box | u=49448px (1.0% ảnh) -> eval_masks_550/SS23-52763^2023_08_09_08_43_37^^.png
[ok] SS23-52763^2023_08_09_08_47_22^^.jpg | 1 box | u=648085px (13.0% ảnh) -> eval_masks_550/SS23-52763^2023_08_09_08_47_22^^.png
[ok] SS23-52913^2023_08_10_08_55_27^^.jpg | 1 box | u=1594304px (31.9% ảnh) -> eval_masks_550/SS23-52913^2023_08_10_08_55_27^^.png
[ok] SS23-54401^2023_08_17_14_14_40^^.jpg | 1 box | u=228845px (4.6% ảnh) -> eval_masks_550/SS23-54401^2023_08_17_14_14_40^^.png
[ok] SS23-54890^2023_08_18_13_08_16^^.jpg | 1 box | u=81075px (1.6% ảnh) -> eval_masks_550/SS23-54890^2023_08_18_13_08_16^^.png
[ok] SS23-54890^2023_08_18_13_11_40^^.jpg | 1 box | u=192672px (3.9% ảnh) -> eval_masks_550/SS23-54890^2023_08_18_13_11_40^^.png
[ok] SS23-55638^2023_08_22_10_11_38^^.jpg | 1 box | u=2188490px (43.9% ảnh) -> eval_masks_550/SS23-55638^2023_08_22_10_11_38^^.png
[ok] SS23-55638^2023_08_22_10_12_23^^.jpg | 1 box | u=2110543px (42.3% ảnh) -> eval_masks_550/SS23-55638^2023_08_22_10_12_23^^.png
[ok] SS23-55644^2023_08_22_09_40_06^^.jpg | 1 box | u=922288px (18.5% ảnh) -> eval_masks_550/SS23-55644^2023_08_22_09_40_06^^.png
[ok] SS23-56642^2023_08_25_09_43_32^^.jpg | 1 box | u=136335px (2.7% ảnh) -> eval_masks_550/SS23-56642^2023_08_25_09_43_32^^.png
[ok] SS23-56642^2023_08_25_09_52_28^^.jpg | 1 box | u=56420px (1.1% ảnh) -> eval_masks_550/SS23-56642^2023_08_25_09_52_28^^.png
[ok] SS23-57267^2023_08_28_13_44_27^^.jpg | 1 box | u=173189px (3.5% ảnh) -> eval_masks_550/SS23-57267^2023_08_28_13_44_27^^.png
[ok] SS23-57654^2023_08_29_13_33_21^^.jpg | 1 box | u=1699659px (34.1% ảnh) -> eval_masks_550/SS23-57654^2023_08_29_13_33_21^^.png
[ok] SS23-57705^2023_08_30_08_38_39^^.jpg | 1 box | u=59142px (1.2% ảnh) -> eval_masks_550/SS23-57705^2023_08_30_08_38_39^^.png
[ok] SS23-59361^2023_09_05_10_00_14^^.jpg | 1 box | u=635959px (12.7% ảnh) -> eval_masks_550/SS23-59361^2023_09_05_10_00_14^^.png
[ok] SS23-59441^2023_09_05_13_24_52^^.jpg | 1 box | u=768077px (15.4% ảnh) -> eval_masks_550/SS23-59441^2023_09_05_13_24_52^^.png
[ok] SS23-59739^2023_09_06_10_27_09^^.jpg | 1 box | u=163283px (3.3% ảnh) -> eval_masks_550/SS23-59739^2023_09_06_10_27_09^^.png
[ok] SS23-60447^2023_09_08_10_08_31^^.jpg | 1 box | u=175726px (3.5% ảnh) -> eval_masks_550/SS23-60447^2023_09_08_10_08_31^^.png
[ok] SS23-60905^2023_09_11_14_19_52^^.jpg | 1 box | u=117575px (2.4% ảnh) -> eval_masks_550/SS23-60905^2023_09_11_14_19_52^^.png
[ok] SS23-61141^2023_09_13_08_18_49^^.jpg | 1 box | u=290788px (5.8% ảnh) -> eval_masks_550/SS23-61141^2023_09_13_08_18_49^^.png
[ok] SS23-61585^2023_09_13_11_24_50^^.jpg | 1 box | u=179877px (3.6% ảnh) -> eval_masks_550/SS23-61585^2023_09_13_11_24_50^^.png
[ok] SS23-61824^2023_09_14_08_45_46^^.jpg | 1 box | u=650782px (13.0% ảnh) -> eval_masks_550/SS23-61824^2023_09_14_08_45_46^^.png
[ok] SS23-63742^2023_09_21_10_54_58^^.jpg | 1 box | u=288876px (5.8% ảnh) -> eval_masks_550/SS23-63742^2023_09_21_10_54_58^^.png
Xong: 550/550 ảnh có mask -> eval_masks_550
