538 ảnh train | đã lưu 170 | bắt đầu #169
* Running on local URL:  http://0.0.0.0:18865
* To create a public link, set `share=True` in `launch()`.
/home/hvusynh2/conda_envs/medsam2_anno/lib/python3.12/site-packages/gradio/routes.py:1379: StarletteDeprecationWarning: 'HTTP_422_UNPROCESSABLE_ENTITY' is deprecated. Use 'HTTP_422_UNPROCESSABLE_CONTENT' instead.
  return await queue_join_helper(body, request, username)
/home/hvusynh2/conda_envs/medsam2_anno/lib/python3.12/site-packages/gradio/routes.py:1379: StarletteDeprecationWarning: 'HTTP_422_UNPROCESSABLE_ENTITY' is deprecated. Use 'HTTP_422_UNPROCESSABLE_CONTENT' instead.
  return await queue_join_helper(body, request, username)
/home/hvusynh2/conda_envs/medsam2_anno/lib/python3.12/site-packages/gradio/routes.py:1379: StarletteDeprecationWarning: 'HTTP_422_UNPROCESSABLE_ENTITY' is deprecated. Use 'HTTP_422_UNPROCESSABLE_CONTENT' instead.
  return await queue_join_helper(body, request, username)
/home/hvusynh2/conda_envs/medsam2_anno/lib/python3.12/site-packages/gradio/routes.py:1379: StarletteDeprecationWarning: 'HTTP_422_UNPROCESSABLE_ENTITY' is deprecated. Use 'HTTP_422_UNPROCESSABLE_CONTENT' instead.
  return await queue_join_helper(body, request, username)
/home/hvusynh2/conda_envs/medsam2_anno/lib/python3.12/site-packages/gradio/routes.py:1379: StarletteDeprecationWarning: 'HTTP_422_UNPROCESSABLE_ENTITY' is deprecated. Use 'HTTP_422_UNPROCESSABLE_CONTENT' instead.
  return await queue_join_helper(body, request, username)
/home/hvusynh2/conda_envs/medsam2_anno/lib/python3.12/site-packages/gradio/routes.py:1379: StarletteDeprecationWarning: 'HTTP_422_UNPROCESSABLE_ENTITY' is deprecated. Use 'HTTP_422_UNPROCESSABLE_CONTENT' instead.
  return await queue_join_helper(body, request, username)
/home/hvusynh2/conda_envs/medsam2_anno/lib/python3.12/site-packages/gradio/routes.py:1379: StarletteDeprecationWarning: 'HTTP_422_UNPROCESSABLE_ENTITY' is deprecated. Use 'HTTP_422_UNPROCESSABLE_CONTENT' instead.
  return await queue_join_helper(body, request, username)
/home/hvusynh2/conda_envs/medsam2_anno/lib/python3.12/site-packages/gradio/routes.py:1379: StarletteDeprecationWarning: 'HTTP_422_UNPROCESSABLE_ENTITY' is deprecated. Use 'HTTP_422_UNPROCESSABLE_CONTENT' instead.
  return await queue_join_helper(body, request, username)
/home/hvusynh2/conda_envs/medsam2_anno/lib/python3.12/site-packages/gradio/routes.py:1379: StarletteDeprecationWarning: 'HTTP_422_UNPROCESSABLE_ENTITY' is deprecated. Use 'HTTP_422_UNPROCESSABLE_CONTENT' instead.
  return await queue_join_helper(body, request, username)
/home/hvusynh2/conda_envs/medsam2_anno/lib/python3.12/site-packages/gradio/routes.py:1379: StarletteDeprecationWarning: 'HTTP_422_UNPROCESSABLE_ENTITY' is deprecated. Use 'HTTP_422_UNPROCESSABLE_CONTENT' instead.
  return await queue_join_helper(body, request, username)
/home/hvusynh2/conda_envs/medsam2_anno/lib/python3.12/site-packages/gradio/routes.py:1379: StarletteDeprecationWarning: 'HTTP_422_UNPROCESSABLE_ENTITY' is deprecated. Use 'HTTP_422_UNPROCESSABLE_CONTENT' instead.
  return await queue_join_helper(body, request, username)
/home/hvusynh2/conda_envs/medsam2_anno/lib/python3.12/site-packages/gradio/routes.py:1379: StarletteDeprecationWarning: 'HTTP_422_UNPROCESSABLE_ENTITY' is deprecated. Use 'HTTP_422_UNPROCESSABLE_CONTENT' instead.
  return await queue_join_helper(body, request, username)
/home/hvusynh2/conda_envs/medsam2_anno/lib/python3.12/site-packages/gradio/routes.py:1379: StarletteDeprecationWarning: 'HTTP_422_UNPROCESSABLE_ENTITY' is deprecated. Use 'HTTP_422_UNPROCESSABLE_CONTENT' instead.
  return await queue_join_helper(body, request, username)
/home/hvusynh2/conda_envs/medsam2_anno/lib/python3.12/site-packages/gradio/routes.py:1379: StarletteDeprecationWarning: 'HTTP_422_UNPROCESSABLE_ENTITY' is deprecated. Use 'HTTP_422_UNPROCESSABLE_CONTENT' instead.
  return await queue_join_helper(body, request, username)
/home/hvusynh2/conda_envs/medsam2_anno/lib/python3.12/site-packages/gradio/routes.py:1379: StarletteDeprecationWarning: 'HTTP_422_UNPROCESSABLE_ENTITY' is deprecated. Use 'HTTP_422_UNPROCESSABLE_CONTENT' instead.
  return await queue_join_helper(body, request, username)
/home/hvusynh2/conda_envs/medsam2_anno/lib/python3.12/site-packages/gradio/routes.py:1379: StarletteDeprecationWarning: 'HTTP_422_UNPROCESSABLE_ENTITY' is deprecated. Use 'HTTP_422_UNPROCESSABLE_CONTENT' instead.
  return await queue_join_helper(body, request, username)
/home/hvusynh2/conda_envs/medsam2_anno/lib/python3.12/site-packages/gradio/routes.py:1379: StarletteDeprecationWarning: 'HTTP_422_UNPROCESSABLE_ENTITY' is deprecated. Use 'HTTP_422_UNPROCESSABLE_CONTENT' instead.
  return await queue_join_helper(body, request, username)
