[09:03:25] ===== BẮT ĐẦU LOCALIZE PIPELINE =====
==== EVAL detector ====
[gate] GPU free=11011MB -> chạy
  SS22-02205^2022_01_1   n=3 dice=0.626
  SS21-42826^2021_07_0   n=1 dice=0.887
  SS21-58881^2021_09_1   n=1 dice=0.384
  SS22-49889^2022_08_0   n=3 dice=0.638
  SS22-23641^2022_04_2   n=2 dice=0.448
  SS23-61141^2023_09_1   n=2 dice=0.790
  SS22-45604^2022_07_2   n=2 dice=0.672
  SS21-42835^2021_07_0   n=3 dice=0.168
  SS21-34765^2021_06_0   n=4 dice=0.484
  SS21-53209^2021_08_2   n=2 dice=0.789
  SS23-12955^2023_02_2   n=1 dice=0.853
  SS23-45516^2023_07_1   n=1 dice=0.856
  SS21-58163^2021_09_1   n=4 dice=0.331
  SS23-49481^2023_07_2   n=3 dice=0.280
  SS23-18116^2023_03_2   n=3 dice=0.871
  SS21-37627^2021_06_1   n=1 dice=0.814
  SS22-38394^2022_06_2   n=1 dice=0.703
  SS22-29126^2022_05_1   n=1 dice=0.028
  SS22-04076^2022_01_1   n=2 dice=0.633
  SS22-55042^2022_08_3   n=2 dice=0.385
  SS23-04505^2023_01_1   n=1 dice=0.943
  SS23-18073^2023_03_2   n=4 dice=0.656
  SS23-12958^2023_02_2   n=2 dice=0.238
  SS22-41080^2022_07_0   n=3 dice=0.803
  SS23-19048^2023_03_2   n=4 dice=0.278
  SS22-49101^2022_08_0   n=5 dice=0.514
  SS21-60615^2021_09_2   n=3 dice=0.693
  SS21-60938^2021_09_3   n=2 dice=0.228
  SS21-34765^2021_06_0   n=4 dice=0.480
  SS22-17247^2022_03_2   n=1 dice=0.391
  SS22-49101^2022_08_0   n=6 dice=0.374
  SS21-35913^2021_06_1   n=3 dice=0.486
  SS23-21408^2023_04_0   n=4 dice=0.253
  SS23-32996^2023_05_2   n=2 dice=0.636
  SS22-41080^2022_07_0   n=6 dice=0.615
  SS23-18116^2023_03_2   n=2 dice=0.704
  SS21-39246^2021_06_2   n=1 dice=0.940
  SS21-43481^2021_07_1   n=2 dice=0.364
  SS23-23412^2023_04_1   n=1 dice=0.480
  SS22-05400^2022_01_2   n=1 dice=0.426
  SS21-38745^2021_06_2   n=1 dice=0.939
  SS22-43857^2022_07_1   n=3 dice=0.643
  SS21-42051^2021_07_0   n=1 dice=0.855
  SS21-39090^2021_06_2   n=1 dice=0.854
  SS21-37297^2021_06_1   n=1 dice=0.572
  SS21-37293^2021_06_1   n=1 dice=0.874
  SS21-35590^2021_06_0   n=2 dice=0.770
  SS21-35425^2021_06_0   n=1 dice=0.875
  SS21-41214^2021_07_0   n=2 dice=0.184
  SS21-35590^2021_06_1   n=2 dice=0.777

===== LOCALIZE [detector] -> segmenter -> 50 vẽ tay =====
Dice median=0.6347 mean=0.5897 (n=50) | 1u=0.854(n18) >1u=0.564(n32)
SO: full-auto detector=0.635 | ceiling box-GT=0.883 | nhãn SAM cũ=0.554
-> results/loc_detector.json
==== EVAL iter ====
[gate] GPU free=11011MB -> chạy
  SS22-02205^2022_01_1   n=3 dice=0.606
  SS21-42826^2021_07_0   n=1 dice=0.889
  SS21-58881^2021_09_1   n=1 dice=0.386
  SS22-49889^2022_08_0   n=3 dice=0.633
  SS22-23641^2022_04_2   n=2 dice=0.501
  SS23-61141^2023_09_1   n=2 dice=0.753
  SS22-45604^2022_07_2   n=2 dice=0.647
  SS21-42835^2021_07_0   n=3 dice=0.190
  SS21-34765^2021_06_0   n=4 dice=0.500
  SS21-53209^2021_08_2   n=2 dice=0.778
  SS23-12955^2023_02_2   n=1 dice=0.858
  SS23-45516^2023_07_1   n=1 dice=0.843
  SS21-58163^2021_09_1   n=4 dice=0.330
  SS23-49481^2023_07_2   n=3 dice=0.261
  SS23-18116^2023_03_2   n=3 dice=0.870
  SS21-37627^2021_06_1   n=1 dice=0.807
  SS22-38394^2022_06_2   n=1 dice=0.762
  SS22-29126^2022_05_1   n=1 dice=0.024
  SS22-04076^2022_01_1   n=2 dice=0.697
  SS22-55042^2022_08_3   n=2 dice=0.390
  SS23-04505^2023_01_1   n=1 dice=0.938
  SS23-18073^2023_03_2   n=4 dice=0.647
  SS23-12958^2023_02_2   n=2 dice=0.212
  SS22-41080^2022_07_0   n=3 dice=0.799
  SS23-19048^2023_03_2   n=4 dice=0.256
  SS22-49101^2022_08_0   n=5 dice=0.530
  SS21-60615^2021_09_2   n=3 dice=0.708
  SS21-60938^2021_09_3   n=2 dice=0.253
  SS21-34765^2021_06_0   n=4 dice=0.512
  SS22-17247^2022_03_2   n=1 dice=0.374
  SS22-49101^2022_08_0   n=6 dice=0.374
  SS21-35913^2021_06_1   n=3 dice=0.482
  SS23-21408^2023_04_0   n=4 dice=0.252
  SS23-32996^2023_05_2   n=2 dice=0.685
  SS22-41080^2022_07_0   n=6 dice=0.615
  SS23-18116^2023_03_2   n=2 dice=0.700
  SS21-39246^2021_06_2   n=1 dice=0.939
  SS21-43481^2021_07_1   n=2 dice=0.368
  SS23-23412^2023_04_1   n=1 dice=0.487
  SS22-05400^2022_01_2   n=1 dice=0.387
  SS21-38745^2021_06_2   n=1 dice=0.896
  SS22-43857^2022_07_1   n=3 dice=0.669
  SS21-42051^2021_07_0   n=1 dice=0.881
  SS21-39090^2021_06_2   n=1 dice=0.856
  SS21-37297^2021_06_1   n=1 dice=0.578
  SS21-37293^2021_06_1   n=1 dice=0.875
  SS21-35590^2021_06_0   n=2 dice=0.810
  SS21-35425^2021_06_0   n=1 dice=0.873
  SS21-41214^2021_07_0   n=2 dice=0.197
  SS21-35590^2021_06_1   n=2 dice=0.800

===== LOCALIZE [iter] -> segmenter -> 50 vẽ tay =====
Dice median=0.6397 mean=0.5936 (n=50) | 1u=0.850(n18) >1u=0.568(n32)
SO: full-auto detector=0.635 | ceiling box-GT=0.883 | nhãn SAM cũ=0.554
-> results/loc_iter.json
==== EVAL centerpoint ====
[gate] GPU free=11011MB -> chạy
  SS22-02205^2022_01_1   n=3 dice=0.555
  SS21-42826^2021_07_0   n=1 dice=0.884
  SS21-58881^2021_09_1   n=1 dice=0.764
  SS22-49889^2022_08_0   n=3 dice=0.823
  SS22-23641^2022_04_2   n=2 dice=0.322
  SS23-61141^2023_09_1   n=2 dice=0.781
  SS22-45604^2022_07_2   n=2 dice=0.692
  SS21-42835^2021_07_0   n=3 dice=0.075
  SS21-34765^2021_06_0   n=4 dice=0.490
  SS21-53209^2021_08_2   n=2 dice=0.769
  SS23-12955^2023_02_2   n=1 dice=0.416
  SS23-45516^2023_07_1   n=1 dice=0.853
  SS21-58163^2021_09_1   n=4 dice=0.198
  SS23-49481^2023_07_2   n=3 dice=0.264
  SS23-18116^2023_03_2   n=3 dice=0.707
  SS21-37627^2021_06_1   n=1 dice=0.813
  SS22-38394^2022_06_2   n=1 dice=0.675
  SS22-29126^2022_05_1   n=1 dice=0.096
  SS22-04076^2022_01_1   n=2 dice=0.623
  SS22-55042^2022_08_3   n=2 dice=0.208
  SS23-04505^2023_01_1   n=1 dice=0.951
  SS23-18073^2023_03_2   n=4 dice=0.557
  SS23-12958^2023_02_2   n=2 dice=0.120
  SS22-41080^2022_07_0   n=3 dice=0.809
  SS23-19048^2023_03_2   n=4 dice=0.271
  SS22-49101^2022_08_0   n=5 dice=0.335
  SS21-60615^2021_09_2   n=3 dice=0.716
  SS21-60938^2021_09_3   n=2 dice=0.038
  SS21-34765^2021_06_0   n=4 dice=0.534
  SS22-17247^2022_03_2   n=1 dice=0.415
  SS22-49101^2022_08_0   n=6 dice=0.355
  SS21-35913^2021_06_1   n=3 dice=0.530
  SS23-21408^2023_04_0   n=4 dice=0.166
  SS23-32996^2023_05_2   n=2 dice=0.830
  SS22-41080^2022_07_0   n=6 dice=0.558
  SS23-18116^2023_03_2   n=2 dice=0.802
  SS21-39246^2021_06_2   n=1 dice=0.940
  SS21-43481^2021_07_1   n=2 dice=0.357
  SS23-23412^2023_04_1   n=1 dice=0.446
  SS22-05400^2022_01_2   n=1 dice=0.175
  SS21-38745^2021_06_2   n=1 dice=0.935
  SS22-43857^2022_07_1   n=3 dice=0.640
  SS21-42051^2021_07_0   n=1 dice=0.852
  SS21-39090^2021_06_2   n=1 dice=0.839
  SS21-37297^2021_06_1   n=1 dice=0.576
  SS21-37293^2021_06_1   n=1 dice=0.869
  SS21-35590^2021_06_0   n=2 dice=0.886
  SS21-35425^2021_06_0   n=1 dice=0.834
  SS21-41214^2021_07_0   n=2 dice=0.226
  SS21-35590^2021_06_1   n=2 dice=0.790

===== LOCALIZE [centerpoint] -> segmenter -> 50 vẽ tay =====
Dice median=0.5992 mean=0.5672 (n=50) | 1u=0.824(n18) >1u=0.544(n32)
SO: full-auto detector=0.635 | ceiling box-GT=0.883 | nhãn SAM cũ=0.554
-> results/loc_centerpoint.json
==== TRAIN box_refiner ====
[gate] GPU free=11011MB -> chạy
[refiner] train=295 val=23 frag
[ep 1] loss=0.8206 val_giou≈0.8253  *best
[ep 2] loss=0.4910 val_giou≈0.8587  *best
[ep 4] loss=0.4861 val_giou≈0.8963  *best
[ep 5] loss=0.4834 val_giou≈0.8936
[ep 6] loss=0.4763 val_giou≈0.9037  *best
[ep 7] loss=0.4834 val_giou≈0.9064  *best
[ep 9] loss=0.4883 val_giou≈0.9394  *best
[ep 10] loss=0.4998 val_giou≈0.9005
[ep 15] loss=0.4833 val_giou≈0.9271
[ep 20] loss=0.4655 val_giou≈0.9022
[ep 25] loss=0.4651 val_giou≈0.9481  *best
[ep 30] loss=0.4808 val_giou≈0.8669
[ep 35] loss=0.4678 val_giou≈0.8953
