[mae] chờ adv runner (results/seg_adv_all.done)...
[01:43:51] adv xong -> bắt đầu MAE
==== PRETRAIN MAE (1128 ảnh) ====
[gate] GPU free=12945MB -> chạy
[mae] pool ảnh cut-surface = 1128
[mae] params=4.12M
[mae ep 1] recon_mse=0.1709
[mae ep 2] recon_mse=0.0991
[mae ep 3] recon_mse=0.0838
[mae ep 4] recon_mse=0.0764
[mae ep 5] recon_mse=0.0728
[mae ep 6] recon_mse=0.0698
[mae ep 7] recon_mse=0.0676
[mae ep 8] recon_mse=0.0687
[mae ep 9] recon_mse=0.0651
[mae ep 10] recon_mse=0.0645
[mae ep 11] recon_mse=0.0632
[mae ep 12] recon_mse=0.0625
[mae ep 13] recon_mse=0.0616
[mae ep 14] recon_mse=0.0610
[mae ep 15] recon_mse=0.0605
[mae ep 16] recon_mse=0.0603
[mae ep 17] recon_mse=0.0588
[mae ep 18] recon_mse=0.0593
[mae ep 19] recon_mse=0.0585
[mae ep 20] recon_mse=0.0574
[mae ep 21] recon_mse=0.0575
[mae ep 22] recon_mse=0.0573
[mae ep 23] recon_mse=0.0567
[mae ep 24] recon_mse=0.0565
[mae ep 25] recon_mse=0.0563
[mae ep 26] recon_mse=0.0553
[mae ep 27] recon_mse=0.0555
[mae ep 28] recon_mse=0.0549
[mae ep 29] recon_mse=0.0547
[mae ep 30] recon_mse=0.0545
[mae ep 31] recon_mse=0.0540
[mae ep 32] recon_mse=0.0537
[mae ep 33] recon_mse=0.0535
[mae ep 34] recon_mse=0.0537
[mae ep 35] recon_mse=0.0537
[mae ep 36] recon_mse=0.0536
[mae ep 37] recon_mse=0.0533
[mae ep 38] recon_mse=0.0528
[mae ep 39] recon_mse=0.0532
[mae ep 40] recon_mse=0.0533
[mae] lưu encoder -> checkpoints/mae_encoder.pt
==== FINETUNE (MAE encoder) ====
[gate] GPU free=12871MB -> chạy
[ft] nạp encoder MAE từ checkpoints/mae_encoder.pt
[ft] tag=seg_mae params=4.90M
[split] train patch=295 val patch=23
[ep 1] loss=0.8653 val_dice=0.7713  *best
[ep 2] loss=0.7078 val_dice=0.7803  *best
[ep 3] loss=0.6507 val_dice=0.8626  *best
[ep 4] loss=0.6242 val_dice=0.8371
[ep 5] loss=0.6024 val_dice=0.8356
[ep 6] loss=0.5663 val_dice=0.8500
[ep 7] loss=0.5452 val_dice=0.8476
[ep 8] loss=0.5480 val_dice=0.8581
[ep 9] loss=0.5287 val_dice=0.8085
[ep 10] loss=0.5130 val_dice=0.8507
[ep 11] loss=0.5054 val_dice=0.8273
[ep 12] loss=0.5111 val_dice=0.8056
[ep 13] loss=0.5051 val_dice=0.8400
[ep 14] loss=0.4805 val_dice=0.8375
[ep 15] loss=0.4891 val_dice=0.8335
[ep 16] loss=0.4824 val_dice=0.8376
[ep 17] loss=0.4887 val_dice=0.8392
[ep 18] loss=0.4707 val_dice=0.8319
[ep 19] loss=0.4644 val_dice=0.8151
[ep 20] loss=0.4693 val_dice=0.8068
[ep 21] loss=0.4587 val_dice=0.8229
[ep 22] loss=0.4553 val_dice=0.8240
[ep 23] loss=0.4649 val_dice=0.8018
[ep 24] loss=0.4573 val_dice=0.8377
[ep 25] loss=0.4638 val_dice=0.8173
[ep 26] loss=0.4415 val_dice=0.8472
[ep 27] loss=0.4545 val_dice=0.7976
[ep 28] loss=0.4394 val_dice=0.8422
[ep 29] loss=0.4464 val_dice=0.8385
[ep 30] loss=0.4382 val_dice=0.8412
[ep 31] loss=0.4556 val_dice=0.8302
[ep 32] loss=0.4333 val_dice=0.8365
[ep 33] loss=0.4354 val_dice=0.8281
[ep 34] loss=0.4384 val_dice=0.8140
[ep 35] loss=0.4294 val_dice=0.8167
[ep 36] loss=0.4200 val_dice=0.8107
[ep 37] loss=0.4201 val_dice=0.8352
[ep 38] loss=0.4335 val_dice=0.8281
[ep 39] loss=0.4193 val_dice=0.8005
[ep 40] loss=0.4193 val_dice=0.8270
[ep 41] loss=0.4140 val_dice=0.8179
[ep 42] loss=0.4173 val_dice=0.8460
[ep 43] loss=0.4105 val_dice=0.8167
[ep 44] loss=0.4254 val_dice=0.8350
[ep 45] loss=0.4119 val_dice=0.8186
[ep 46] loss=0.4118 val_dice=0.8095
[ep 47] loss=0.4116 val_dice=0.8029
[ep 48] loss=0.4064 val_dice=0.8285
[ep 49] loss=0.4009 val_dice=0.8102
[ep 50] loss=0.3763 val_dice=0.8103
[ep 51] loss=0.3976 val_dice=0.8380
[ep 52] loss=0.3978 val_dice=0.8197
[ep 53] loss=0.3977 val_dice=0.8193
[ep 54] loss=0.3846 val_dice=0.8235
[ep 55] loss=0.3846 val_dice=0.8237
[ep 56] loss=0.3794 val_dice=0.8166
[ep 57] loss=0.3799 val_dice=0.8171
[ep 58] loss=0.3855 val_dice=0.8174
[ep 59] loss=0.3893 val_dice=0.8190
[ep 60] loss=0.3757 val_dice=0.8191

Train xong. best val=0.8626 -> checkpoints/seg_crop_seg_mae.pt
  SS22-02205^2022_01_12_   n=3 auto=0.625 ceil=0.804 (#box 5)
  SS21-42826^2021_07_09_   n=1 auto=0.886 ceil=0.927 (#box 5)
  SS21-58881^2021_09_16_   n=1 auto=0.397 ceil=0.925 (#box 3)
  SS22-49889^2022_08_09_   n=3 auto=0.640 ceil=0.867 (#box 6)
  SS22-23641^2022_04_22_   n=2 auto=0.455 ceil=0.908 (#box 3)
  SS23-61141^2023_09_13_   n=2 auto=0.785 ceil=0.918 (#box 3)
  SS22-45604^2022_07_22_   n=2 auto=0.659 ceil=0.886 (#box 8)
  SS21-42835^2021_07_09_   n=3 auto=0.174 ceil=0.658 (#box 4)
  SS21-34765^2021_06_04_   n=4 auto=0.506 ceil=0.898 (#box 9)
  SS21-53209^2021_08_24_   n=2 auto=0.799 ceil=0.915 (#box 12)
  SS23-12955^2023_02_23_   n=1 auto=0.842 ceil=0.880 (#box 1)
  SS23-45516^2023_07_12_   n=1 auto=0.853 ceil=0.857 (#box 5)
  SS21-58163^2021_09_15_   n=4 auto=0.340 ceil=0.893 (#box 6)
  SS23-49481^2023_07_27_   n=3 auto=0.274 ceil=0.894 (#box 3)
  SS23-18116^2023_03_21_   n=3 auto=0.862 ceil=0.902 (#box 9)
  SS21-37627^2021_06_17_   n=1 auto=0.812 ceil=0.820 (#box 5)
  SS22-38394^2022_06_24_   n=1 auto=0.698 ceil=0.780 (#box 6)
  SS22-29126^2022_05_16_   n=1 auto=0.026 ceil=0.593 (#box 2)
  SS22-04076^2022_01_19_   n=2 auto=0.652 ceil=0.901 (#box 10)
  SS22-55042^2022_08_30_   n=2 auto=0.393 ceil=0.840 (#box 10)
  SS23-04505^2023_01_19_   n=1 auto=0.943 ceil=0.935 (#box 8)
  SS23-18073^2023_03_21_   n=4 auto=0.658 ceil=0.866 (#box 3)
  SS23-12958^2023_02_23_   n=2 auto=0.225 ceil=0.839 (#box 2)
  SS22-41080^2022_07_06_   n=3 auto=0.804 ceil=0.857 (#box 12)
  SS23-19048^2023_03_23_   n=4 auto=0.273 ceil=0.884 (#box 2)
  SS22-49101^2022_08_04_   n=5 auto=0.527 ceil=0.885 (#box 10)
  SS21-60615^2021_09_29_   n=3 auto=0.701 ceil=0.812 (#box 11)
  SS21-60938^2021_09_30_   n=2 auto=0.226 ceil=0.830 (#box 2)
  SS21-34765^2021_06_07_   n=4 auto=0.504 ceil=0.904 (#box 10)
  SS22-17247^2022_03_24_   n=1 auto=0.379 ceil=0.788 (#box 3)
  SS22-49101^2022_08_04_   n=6 auto=0.383 ceil=0.860 (#box 12)
  SS21-35913^2021_06_11_   n=3 auto=0.498 ceil=0.785 (#box 7)
  SS23-21408^2023_04_03_   n=4 auto=0.247 ceil=0.856 (#box 3)
  SS23-32996^2023_05_24_   n=2 auto=0.615 ceil=0.882 (#box 7)
  SS22-41080^2022_07_06_   n=6 auto=0.615 ceil=0.888 (#box 6)
  SS23-18116^2023_03_22_   n=2 auto=0.713 ceil=0.887 (#box 8)
  SS21-39246^2021_06_25_   n=1 auto=0.939 ceil=0.943 (#box 7)
  SS21-43481^2021_07_14_   n=2 auto=0.357 ceil=0.854 (#box 5)
  SS23-23412^2023_04_11_   n=1 auto=0.482 ceil=0.924 (#box 6)
  SS22-05400^2022_01_25_   n=1 auto=0.430 ceil=0.857 (#box 3)
  SS21-38745^2021_06_22_   n=1 auto=0.936 ceil=0.934 (#box 7)
  SS22-43857^2022_07_15_   n=3 auto=0.652 ceil=0.844 (#box 6)
  SS21-42051^2021_07_07_   n=1 auto=0.852 ceil=0.944 (#box 8)
  SS21-39090^2021_06_24_   n=1 auto=0.814 ceil=0.868 (#box 3)
  SS21-37297^2021_06_17_   n=1 auto=0.574 ceil=0.855 (#box 6)
  SS21-37293^2021_06_16_   n=1 auto=0.873 ceil=0.887 (#box 4)
  SS21-35590^2021_06_09_   n=2 auto=0.770 ceil=0.906 (#box 9)
  SS21-35425^2021_06_09_   n=1 auto=0.865 ceil=0.899 (#box 4)
  SS21-41214^2021_07_05_   n=2 auto=0.183 ceil=0.908 (#box 11)
  SS21-35590^2021_06_10_   n=2 auto=0.775 ceil=0.921 (#box 8)

===== SEG-CROP [seg_mae] trên 50 vẽ tay =====
FULL-AUTO (box detector): median=0.6323 mean=0.5898 | 1u=0.828(n18) >1u=0.571(n32)
CEILING   (box GT-mảnh) : median=0.8844 mean=0.8674 | 1u=0.883 >1u=0.884
SO SÁNH: full-auto box->SAM=0.666 | ceiling box->SAM=0.857 | red-ceiling=0.938 | nhãn SAM cũ=0.554
==== FINETUNE (scratch đối chứng) ====
[gate] GPU free=12871MB -> chạy
[ft] SCRATCH — không nạp MAE (đối chứng)
[ft] tag=seg_unet_scratch params=4.90M
[split] train patch=295 val patch=23
[ep 1] loss=0.8519 val_dice=0.7457  *best
[ep 2] loss=0.6996 val_dice=0.8449  *best
[ep 3] loss=0.6481 val_dice=0.8635  *best
[ep 4] loss=0.6231 val_dice=0.8582
[ep 5] loss=0.6032 val_dice=0.8464
[ep 6] loss=0.5708 val_dice=0.8494
[ep 7] loss=0.5525 val_dice=0.8503
[ep 8] loss=0.5484 val_dice=0.8622
[ep 9] loss=0.5347 val_dice=0.8261
[ep 10] loss=0.5168 val_dice=0.8479
[ep 11] loss=0.5131 val_dice=0.8309
[ep 12] loss=0.5166 val_dice=0.8161
[ep 13] loss=0.5135 val_dice=0.8358
[ep 14] loss=0.4851 val_dice=0.8423
[ep 15] loss=0.4918 val_dice=0.8197
[ep 16] loss=0.4903 val_dice=0.8397
[ep 17] loss=0.4945 val_dice=0.8450
[ep 18] loss=0.4723 val_dice=0.8248
[ep 19] loss=0.4712 val_dice=0.8263
[ep 20] loss=0.4717 val_dice=0.8201
[ep 21] loss=0.4694 val_dice=0.8273
[ep 22] loss=0.4594 val_dice=0.8305
[ep 23] loss=0.4652 val_dice=0.8059
[ep 24] loss=0.4645 val_dice=0.8349
[ep 25] loss=0.4657 val_dice=0.8223
[ep 26] loss=0.4456 val_dice=0.8409
[ep 27] loss=0.4572 val_dice=0.8108
[ep 28] loss=0.4407 val_dice=0.8392
[ep 29] loss=0.4506 val_dice=0.8368
[ep 30] loss=0.4430 val_dice=0.8296
[ep 31] loss=0.4614 val_dice=0.8298
[ep 32] loss=0.4363 val_dice=0.8284
[ep 33] loss=0.4444 val_dice=0.8297
[ep 34] loss=0.4432 val_dice=0.8089
[ep 35] loss=0.4354 val_dice=0.8173
[ep 36] loss=0.4269 val_dice=0.8017
[ep 37] loss=0.4264 val_dice=0.8239
[ep 38] loss=0.4370 val_dice=0.8199
[ep 39] loss=0.4257 val_dice=0.8089
[ep 40] loss=0.4270 val_dice=0.8195
[ep 41] loss=0.4256 val_dice=0.8221
[ep 42] loss=0.4265 val_dice=0.8371
[ep 43] loss=0.4204 val_dice=0.8134
[ep 44] loss=0.4328 val_dice=0.8238
[ep 45] loss=0.4194 val_dice=0.8179
[ep 46] loss=0.4212 val_dice=0.8025
[ep 47] loss=0.4238 val_dice=0.8103
[ep 48] loss=0.4195 val_dice=0.8163
[ep 49] loss=0.4158 val_dice=0.8068
[ep 50] loss=0.3889 val_dice=0.8101
[ep 51] loss=0.4108 val_dice=0.8247
[ep 52] loss=0.4093 val_dice=0.8173
[ep 53] loss=0.4100 val_dice=0.8173
[ep 54] loss=0.3998 val_dice=0.8171
[ep 55] loss=0.4002 val_dice=0.8210
[ep 56] loss=0.3968 val_dice=0.8161
[ep 57] loss=0.3984 val_dice=0.8149
[ep 58] loss=0.3984 val_dice=0.8150
[ep 59] loss=0.4036 val_dice=0.8154
[ep 60] loss=0.3928 val_dice=0.8155

Train xong. best val=0.8635 -> checkpoints/seg_crop_seg_unet_scratch.pt
  SS22-02205^2022_01_12_   n=3 auto=0.626 ceil=0.809 (#box 5)
  SS21-42826^2021_07_09_   n=1 auto=0.886 ceil=0.920 (#box 5)
  SS21-58881^2021_09_16_   n=1 auto=0.379 ceil=0.922 (#box 3)
  SS22-49889^2022_08_09_   n=3 auto=0.627 ceil=0.865 (#box 6)
  SS22-23641^2022_04_22_   n=2 auto=0.458 ceil=0.910 (#box 3)
  SS23-61141^2023_09_13_   n=2 auto=0.772 ceil=0.912 (#box 3)
  SS22-45604^2022_07_22_   n=2 auto=0.666 ceil=0.884 (#box 8)
  SS21-42835^2021_07_09_   n=3 auto=0.171 ceil=0.662 (#box 4)
  SS21-34765^2021_06_04_   n=4 auto=0.496 ceil=0.910 (#box 9)
  SS21-53209^2021_08_24_   n=2 auto=0.798 ceil=0.913 (#box 12)
  SS23-12955^2023_02_23_   n=1 auto=0.876 ceil=0.906 (#box 1)
  SS23-45516^2023_07_12_   n=1 auto=0.852 ceil=0.854 (#box 5)
  SS21-58163^2021_09_15_   n=4 auto=0.317 ceil=0.892 (#box 6)
  SS23-49481^2023_07_27_   n=3 auto=0.273 ceil=0.893 (#box 3)
  SS23-18116^2023_03_21_   n=3 auto=0.848 ceil=0.900 (#box 9)
  SS21-37627^2021_06_17_   n=1 auto=0.811 ceil=0.817 (#box 5)
  SS22-38394^2022_06_24_   n=1 auto=0.700 ceil=0.777 (#box 6)
  SS22-29126^2022_05_16_   n=1 auto=0.027 ceil=0.585 (#box 2)
  SS22-04076^2022_01_19_   n=2 auto=0.631 ceil=0.903 (#box 10)
  SS22-55042^2022_08_30_   n=2 auto=0.392 ceil=0.845 (#box 10)
  SS23-04505^2023_01_19_   n=1 auto=0.942 ceil=0.931 (#box 8)
  SS23-18073^2023_03_21_   n=4 auto=0.650 ceil=0.869 (#box 3)
  SS23-12958^2023_02_23_   n=2 auto=0.228 ceil=0.837 (#box 2)
  SS22-41080^2022_07_06_   n=3 auto=0.807 ceil=0.853 (#box 12)
  SS23-19048^2023_03_23_   n=4 auto=0.278 ceil=0.884 (#box 2)
  SS22-49101^2022_08_04_   n=5 auto=0.513 ceil=0.885 (#box 10)
  SS21-60615^2021_09_29_   n=3 auto=0.666 ceil=0.800 (#box 11)
  SS21-60938^2021_09_30_   n=2 auto=0.218 ceil=0.898 (#box 2)
  SS21-34765^2021_06_07_   n=4 auto=0.447 ceil=0.910 (#box 10)
  SS22-17247^2022_03_24_   n=1 auto=0.473 ceil=0.790 (#box 3)
  SS22-49101^2022_08_04_   n=6 auto=0.381 ceil=0.859 (#box 12)
  SS21-35913^2021_06_11_   n=3 auto=0.549 ceil=0.847 (#box 7)
  SS23-21408^2023_04_03_   n=4 auto=0.246 ceil=0.893 (#box 3)
  SS23-32996^2023_05_24_   n=2 auto=0.590 ceil=0.868 (#box 7)
  SS22-41080^2022_07_06_   n=6 auto=0.617 ceil=0.883 (#box 6)
  SS23-18116^2023_03_22_   n=2 auto=0.714 ceil=0.887 (#box 8)
  SS21-39246^2021_06_25_   n=1 auto=0.939 ceil=0.941 (#box 7)
  SS21-43481^2021_07_14_   n=2 auto=0.352 ceil=0.844 (#box 5)
  SS23-23412^2023_04_11_   n=1 auto=0.493 ceil=0.920 (#box 6)
  SS22-05400^2022_01_25_   n=1 auto=0.418 ceil=0.853 (#box 3)
  SS21-38745^2021_06_22_   n=1 auto=0.936 ceil=0.933 (#box 7)
  SS22-43857^2022_07_15_   n=3 auto=0.652 ceil=0.847 (#box 6)
  SS21-42051^2021_07_07_   n=1 auto=0.852 ceil=0.942 (#box 8)
  SS21-39090^2021_06_24_   n=1 auto=0.809 ceil=0.864 (#box 3)
  SS21-37297^2021_06_17_   n=1 auto=0.574 ceil=0.869 (#box 6)
  SS21-37293^2021_06_16_   n=1 auto=0.873 ceil=0.882 (#box 4)
  SS21-35590^2021_06_09_   n=2 auto=0.780 ceil=0.901 (#box 9)
  SS21-35425^2021_06_09_   n=1 auto=0.870 ceil=0.900 (#box 4)
  SS21-41214^2021_07_05_   n=2 auto=0.183 ceil=0.905 (#box 11)
  SS21-35590^2021_06_10_   n=2 auto=0.781 ceil=0.915 (#box 8)

===== SEG-CROP [seg_unet_scratch] trên 50 vẽ tay =====
FULL-AUTO (box detector): median=0.6266 mean=0.5887 | 1u=0.831(n18) >1u=0.570(n32)
CEILING   (box GT-mảnh) : median=0.8848 mean=0.8697 | 1u=0.891 >1u=0.885
SO SÁNH: full-auto box->SAM=0.666 | ceiling box->SAM=0.857 | red-ceiling=0.938 | nhãn SAM cũ=0.554
[03:24:07] ===== XONG MAE =====
