N=50
  recall: ep5 gridNone
  maskloss: ep14 gridNone
  ms: ep17 grid64
  SS22-02205^2022_01_1 n_u=3 | base=0.66 tta=0.66 orig=0.70 tta=0.71
  SS21-42826^2021_07_0 n_u=1 | base=0.88 tta=0.88 orig=0.70 tta=0.70
  SS21-58881^2021_09_1 n_u=1 | base=0.29 tta=0.22 orig=0.52 tta=0.45
  SS22-49889^2022_08_0 n_u=3 | base=0.72 tta=0.69 orig=0.48 tta=0.42
  SS22-23641^2022_04_2 n_u=2 | base=0.46 tta=0.37 orig=0.28 tta=0.28
  SS23-61141^2023_09_1 n_u=2 | base=0.85 tta=0.79 orig=0.77 tta=0.77
  SS22-45604^2022_07_2 n_u=2 | base=0.71 tta=0.76 orig=0.77 tta=0.80
  SS21-42835^2021_07_0 n_u=3 | base=0.16 tta=0.15 orig=0.10 tta=0.10
  SS21-34765^2021_06_0 n_u=4 | base=0.51 tta=0.48 orig=0.62 tta=0.59
  SS21-53209^2021_08_2 n_u=2 | base=0.73 tta=0.72 orig=0.71 tta=0.76
  SS23-12955^2023_02_2 n_u=1 | base=0.72 tta=0.56 orig=0.27 tta=0.15
  SS23-45516^2023_07_1 n_u=1 | base=0.84 tta=0.85 orig=0.88 tta=0.88
  SS21-58163^2021_09_1 n_u=4 | base=0.37 tta=0.31 orig=0.29 tta=0.30
  SS23-49481^2023_07_2 n_u=3 | base=0.28 tta=0.30 orig=0.29 tta=0.29
  SS23-18116^2023_03_2 n_u=3 | base=0.81 tta=0.81 orig=0.78 tta=0.69
  SS21-37627^2021_06_1 n_u=1 | base=0.80 tta=0.80 orig=0.81 tta=0.81
  SS22-38394^2022_06_2 n_u=1 | base=0.67 tta=0.59 orig=0.46 tta=0.46
  SS22-29126^2022_05_1 n_u=1 | base=0.03 tta=0.04 orig=0.10 tta=0.10
  SS22-04076^2022_01_1 n_u=2 | base=0.74 tta=0.69 orig=0.45 tta=0.44
  SS22-55042^2022_08_3 n_u=2 | base=0.33 tta=0.33 orig=0.25 tta=0.24
  SS23-04505^2023_01_1 n_u=1 | base=0.94 tta=0.94 orig=0.95 tta=0.77
  SS23-18073^2023_03_2 n_u=4 | base=0.66 tta=0.66 orig=0.68 tta=0.69
  SS23-12958^2023_02_2 n_u=2 | base=0.12 tta=0.55 orig=0.49 tta=0.60
  SS22-41080^2022_07_0 n_u=3 | base=0.77 tta=0.77 orig=0.78 tta=0.75
  SS23-19048^2023_03_2 n_u=4 | base=0.29 tta=0.40 orig=0.47 tta=0.47
  SS22-49101^2022_08_0 n_u=5 | base=0.41 tta=0.41 orig=0.39 tta=0.39
  SS21-60615^2021_09_2 n_u=3 | base=0.78 tta=0.75 orig=0.74 tta=0.73
  SS21-60938^2021_09_3 n_u=2 | base=0.31 tta=0.38 orig=0.16 tta=0.23
  SS21-34765^2021_06_0 n_u=4 | base=0.55 tta=0.49 orig=0.55 tta=0.50
  SS22-17247^2022_03_2 n_u=1 | base=0.70 tta=0.51 orig=0.67 tta=0.43
  SS22-49101^2022_08_0 n_u=6 | base=0.42 tta=0.42 orig=0.34 tta=0.44
  SS21-35913^2021_06_1 n_u=3 | base=0.56 tta=0.56 orig=0.58 tta=0.57
  SS23-21408^2023_04_0 n_u=4 | base=0.18 tta=0.28 orig=0.14 tta=0.24
  SS23-32996^2023_05_2 n_u=2 | base=0.75 tta=0.66 orig=0.58 tta=0.48
  SS22-41080^2022_07_0 n_u=6 | base=0.60 tta=0.59 orig=0.76 tta=0.75
  SS23-18116^2023_03_2 n_u=2 | base=0.72 tta=0.66 orig=0.63 tta=0.62
  SS21-39246^2021_06_2 n_u=1 | base=0.94 tta=0.94 orig=0.92 tta=0.82
  SS21-43481^2021_07_1 n_u=2 | base=0.23 tta=0.22 orig=0.36 tta=0.36
  SS23-23412^2023_04_1 n_u=1 | base=0.47 tta=0.45 orig=0.45 tta=0.44
  SS22-05400^2022_01_2 n_u=1 | base=0.31 tta=0.43 orig=0.59 tta=0.56
  SS21-38745^2021_06_2 n_u=1 | base=0.93 tta=0.94 orig=0.94 tta=0.94
  SS22-43857^2022_07_1 n_u=3 | base=0.65 tta=0.65 orig=0.31 tta=0.29
  SS21-42051^2021_07_0 n_u=1 | base=0.85 tta=0.84 orig=0.53 tta=0.45
  SS21-39090^2021_06_2 n_u=1 | base=0.77 tta=0.77 orig=0.89 tta=0.63
  SS21-37297^2021_06_1 n_u=1 | base=0.58 tta=0.58 orig=0.54 tta=0.55
  SS21-37293^2021_06_1 n_u=1 | base=0.87 tta=0.62 orig=0.29 tta=0.29
  SS21-35590^2021_06_0 n_u=2 | base=0.90 tta=0.82 orig=0.69 tta=0.69
  SS21-35425^2021_06_0 n_u=1 | base=0.83 tta=0.83 orig=0.83 tta=0.83
  SS21-41214^2021_07_0 n_u=2 | base=0.21 tta=0.38 orig=0.28 tta=0.23
  SS21-35590^2021_06_1 n_u=2 | base=0.83 tta=0.80 orig=0.66 tta=0.65

===== TTA/ENSEMBLE (N=50: 18 1u + 32 >1u) =====
config          median    mean     1u    >1u   #box
recall_orig      0.666   0.594  0.785  0.582    6.2
recall_tta       0.604   0.586  0.694  0.575    9.0
ens3_orig        0.566   0.548  0.629  0.519   13.8
ens3_tta         0.523   0.527  0.550  0.493   21.5
-> results/tta_ensemble.csv
